2026-02-02 22:12:26,702 - asyncio - DEBUG - Using selector: SelectSelector
2026-02-02 22:12:26,770 - watchfiles.main - DEBUG - 4 changes detected: {(<Change.modified: 2>, 'D:\\Personal\\Rise Daily\\Backend\\logs'), (<Change.deleted: 3>, 'D:\\Personal\\Rise Daily\\Backend\\logs\\risedaily_detailed.log'), (<Change.added: 1>, 'D:\\Personal\\Rise Daily\\Backend\\logs\\risedaily_detailed.log'), (<Change.added: 1>, 'D:\\Personal\\Rise Daily\\Backend\\logs\\risedaily_detailed.log.2026-02-01')}
2026-02-02 22:12:27,135 - watchfiles.main - DEBUG - 2 changes detected: {(<Change.modified: 2>, 'D:\\Personal\\Rise Daily\\Backend\\logs\\risedaily_detailed.log'), (<Change.modified: 2>, 'D:\\Personal\\Rise Daily\\Backend\\logs')}
2026-02-02 22:12:27,544 - watchfiles.main - DEBUG - 1 change detected: {(<Change.modified: 2>, 'D:\\Personal\\Rise Daily\\Backend\\logs\\risedaily_detailed.log')}
2026-02-02 22:12:27,948 - watchfiles.main - DEBUG - 1 change detected: {(<Change.modified: 2>, 'D:\\Personal\\Rise Daily\\Backend\\logs\\risedaily_detailed.log')}
2026-02-02 22:12:28,305 - watchfiles.main - DEBUG - 1 change detected: {(<Change.modified: 2>, 'D:\\Personal\\Rise Daily\\Backend\\logs\\risedaily_detailed.log')}
2026-02-02 22:12:28,713 - watchfiles.main - DEBUG - 1 change detected: {(<Change.modified: 2>, 'D:\\Personal\\Rise Daily\\Backend\\logs\\risedaily_detailed.log')}
2026-02-02 22:12:29,118 - watchfiles.main - DEBUG - 1 change detected: {(<Change.modified: 2>, 'D:\\Personal\\Rise Daily\\Backend\\logs\\risedaily_detailed.log')}
2026-02-02 22:12:29,523 - watchfiles.main - DEBUG - 1 change detected: {(<Change.modified: 2>, 'D:\\Personal\\Rise Daily\\Backend\\logs\\risedaily_detailed.log')}
2026-02-02 22:12:29,939 - watchfiles.main - DEBUG - 1 change detected: {(<Change.modified: 2>, 'D:\\Personal\\Rise Daily\\Backend\\logs\\risedaily_detailed.log')}
2026-02-02 22:12:30,355 - watchfiles.main - DEBUG - 1 change detected: {(<Change.modified: 2>, 'D:\\Personal\\Rise Daily\\Backend\\logs\\risedaily_detailed.log')}
2026-02-02 22:12:30,761 - watchfiles.main - DEBUG - 1 change detected: {(<Change.modified: 2>, 'D:\\Personal\\Rise Daily\\Backend\\logs\\risedaily_detailed.log')}
2026-02-02 22:12:31,166 - watchfiles.main - DEBUG - 1 change detected: {(<Change.modified: 2>, 'D:\\Personal\\Rise Daily\\Backend\\logs\\risedaily_detailed.log')}
2026-02-02 22:12:31,572 - watchfiles.main - DEBUG - 1 change detected: {(<Change.modified: 2>, 'D:\\Personal\\Rise Daily\\Backend\\logs\\risedaily_detailed.log')}
2026-02-02 22:12:31,974 - watchfiles.main - DEBUG - 1 change detected: {(<Change.modified: 2>, 'D:\\Personal\\Rise Daily\\Backend\\logs\\risedaily_detailed.log')}
2026-02-02 22:12:32,381 - watchfiles.main - DEBUG - 1 change detected: {(<Change.modified: 2>, 'D:\\Personal\\Rise Daily\\Backend\\logs\\risedaily_detailed.log')}
2026-02-02 22:12:32,747 - watchfiles.main - DEBUG - 1 change detected: {(<Change.modified: 2>, 'D:\\Personal\\Rise Daily\\Backend\\logs\\risedaily_detailed.log')}
2026-02-02 22:12:33,154 - watchfiles.main - DEBUG - 1 change detected: {(<Change.modified: 2>, 'D:\\Personal\\Rise Daily\\Backend\\logs\\risedaily_detailed.log')}
2026-02-02 22:12:33,561 - watchfiles.main - DEBUG - 1 change detected: {(<Change.modified: 2>, 'D:\\Personal\\Rise Daily\\Backend\\logs\\risedaily_detailed.log')}
2026-02-02 22:12:33,967 - watchfiles.main - DEBUG - 1 change detected: {(<Change.modified: 2>, 'D:\\Personal\\Rise Daily\\Backend\\logs\\risedaily_detailed.log')}
2026-02-02 22:12:34,370 - watchfiles.main - DEBUG - 1 change detected: {(<Change.modified: 2>, 'D:\\Personal\\Rise Daily\\Backend\\logs\\risedaily_detailed.log')}
2026-02-02 22:12:34,777 - watchfiles.main - DEBUG - 1 change detected: {(<Change.modified: 2>, 'D:\\Personal\\Rise Daily\\Backend\\logs\\risedaily_detailed.log')}
2026-02-02 22:12:35,183 - watchfiles.main - DEBUG - 1 change detected: {(<Change.modified: 2>, 'D:\\Personal\\Rise Daily\\Backend\\logs\\risedaily_detailed.log')}
2026-02-02 22:12:35,585 - watchfiles.main - DEBUG - 1 change detected: {(<Change.modified: 2>, 'D:\\Personal\\Rise Daily\\Backend\\logs\\risedaily_detailed.log')}
2026-02-02 22:12:35,951 - watchfiles.main - DEBUG - 1 change detected: {(<Change.modified: 2>, 'D:\\Personal\\Rise Daily\\Backend\\logs\\risedaily_detailed.log')}
2026-02-02 22:12:36,358 - watchfiles.main - DEBUG - 1 change detected: {(<Change.modified: 2>, 'D:\\Personal\\Rise Daily\\Backend\\logs\\risedaily_detailed.log')}
2026-02-02 22:12:36,760 - watchfiles.main - DEBUG - 1 change detected: {(<Change.modified: 2>, 'D:\\Personal\\Rise Daily\\Backend\\logs\\risedaily_detailed.log')}
2026-02-02 22:12:37,167 - watchfiles.main - DEBUG - 1 change detected: {(<Change.modified: 2>, 'D:\\Personal\\Rise Daily\\Backend\\logs\\risedaily_detailed.log')}
2026-02-02 22:12:37,574 - watchfiles.main - DEBUG - 1 change detected: {(<Change.modified: 2>, 'D:\\Personal\\Rise Daily\\Backend\\logs\\risedaily_detailed.log')}
2026-02-02 22:12:37,977 - watchfiles.main - DEBUG - 1 change detected: {(<Change.modified: 2>, 'D:\\Personal\\Rise Daily\\Backend\\logs\\risedaily_detailed.log')}
2026-02-02 22:12:38,380 - watchfiles.main - DEBUG - 1 change detected: {(<Change.modified: 2>, 'D:\\Personal\\Rise Daily\\Backend\\logs\\risedaily_detailed.log')}
2026-02-02 22:12:38,782 - watchfiles.main - DEBUG - 1 change detected: {(<Change.modified: 2>, 'D:\\Personal\\Rise Daily\\Backend\\logs\\risedaily_detailed.log')}
2026-02-02 22:12:39,187 - watchfiles.main - DEBUG - 1 change detected: {(<Change.modified: 2>, 'D:\\Personal\\Rise Daily\\Backend\\logs\\risedaily_detailed.log')}
2026-02-02 22:12:39,595 - watchfiles.main - DEBUG - 1 change detected: {(<Change.modified: 2>, 'D:\\Personal\\Rise Daily\\Backend\\logs\\risedaily_detailed.log')}
2026-02-02 22:12:39,998 - watchfiles.main - DEBUG - 1 change detected: {(<Change.modified: 2>, 'D:\\Personal\\Rise Daily\\Backend\\logs\\risedaily_detailed.log')}
2026-02-02 22:12:40,403 - watchfiles.main - DEBUG - 1 change detected: {(<Change.modified: 2>, 'D:\\Personal\\Rise Daily\\Backend\\logs\\risedaily_detailed.log')}
2026-02-02 22:12:40,755 - watchfiles.main - DEBUG - 1 change detected: {(<Change.modified: 2>, 'D:\\Personal\\Rise Daily\\Backend\\logs\\risedaily_detailed.log')}
2026-02-02 22:12:41,165 - watchfiles.main - DEBUG - 1 change detected: {(<Change.modified: 2>, 'D:\\Personal\\Rise Daily\\Backend\\logs\\risedaily_detailed.log')}
2026-02-02 22:12:41,571 - watchfiles.main - DEBUG - 1 change detected: {(<Change.modified: 2>, 'D:\\Personal\\Rise Daily\\Backend\\logs\\risedaily_detailed.log')}
2026-02-02 22:12:41,974 - watchfiles.main - DEBUG - 1 change detected: {(<Change.modified: 2>, 'D:\\Personal\\Rise Daily\\Backend\\logs\\risedaily_detailed.log')}
2026-02-02 22:12:42,379 - watchfiles.main - DEBUG - 1 change detected: {(<Change.modified: 2>, 'D:\\Personal\\Rise Daily\\Backend\\logs\\risedaily_detailed.log')}
2026-02-02 22:12:42,796 - watchfiles.main - DEBUG - 1 change detected: {(<Change.modified: 2>, 'D:\\Personal\\Rise Daily\\Backend\\logs\\risedaily_detailed.log')}
2026-02-02 22:12:43,201 - watchfiles.main - DEBUG - 1 change detected: {(<Change.modified: 2>, 'D:\\Personal\\Rise Daily\\Backend\\logs\\risedaily_detailed.log')}
2026-02-02 22:12:43,605 - watchfiles.main - DEBUG - 1 change detected: {(<Change.modified: 2>, 'D:\\Personal\\Rise Daily\\Backend\\logs\\risedaily_detailed.log')}
2026-02-02 22:12:44,012 - watchfiles.main - DEBUG - 1 change detected: {(<Change.modified: 2>, 'D:\\Personal\\Rise Daily\\Backend\\logs\\risedaily_detailed.log')}
2026-02-02 22:12:44,420 - watchfiles.main - DEBUG - 1 change detected: {(<Change.modified: 2>, 'D:\\Personal\\Rise Daily\\Backend\\logs\\risedaily_detailed.log')}
2026-02-02 22:12:44,822 - watchfiles.main - DEBUG - 1 change detected: {(<Change.modified: 2>, 'D:\\Personal\\Rise Daily\\Backend\\logs\\risedaily_detailed.log')}
2026-02-02 22:12:45,229 - watchfiles.main - DEBUG - 1 change detected: {(<Change.modified: 2>, 'D:\\Personal\\Rise Daily\\Backend\\logs\\risedaily_detailed.log')}
2026-02-02 22:12:45,633 - watchfiles.main - DEBUG - 1 change detected: {(<Change.modified: 2>, 'D:\\Personal\\Rise Daily\\Backend\\logs\\risedaily_detailed.log')}
2026-02-02 22:12:46,039 - watchfiles.main - DEBUG - 1 change detected: {(<Change.modified: 2>, 'D:\\Personal\\Rise Daily\\Backend\\logs\\risedaily_detailed.log')}
2026-02-02 22:12:46,442 - watchfiles.main - DEBUG - 1 change detected: {(<Change.modified: 2>, 'D:\\Personal\\Rise Daily\\Backend\\logs\\risedaily_detailed.log')}
2026-02-02 22:12:46,805 - watchfiles.main - DEBUG - 1 change detected: {(<Change.modified: 2>, 'D:\\Personal\\Rise Daily\\Backend\\logs\\risedaily_detailed.log')}
2026-02-02 22:12:47,213 - watchfiles.main - DEBUG - 1 change detected: {(<Change.modified: 2>, 'D:\\Personal\\Rise Daily\\Backend\\logs\\risedaily_detailed.log')}
2026-02-02 22:12:47,618 - watchfiles.main - DEBUG - 1 change detected: {(<Change.modified: 2>, 'D:\\Personal\\Rise Daily\\Backend\\logs\\risedaily_detailed.log')}
2026-02-02 22:12:48,020 - watchfiles.main - DEBUG - 1 change detected: {(<Change.modified: 2>, 'D:\\Personal\\Rise Daily\\Backend\\logs\\risedaily_detailed.log')}
2026-02-02 22:12:48,427 - watchfiles.main - DEBUG - 1 change detected: {(<Change.modified: 2>, 'D:\\Personal\\Rise Daily\\Backend\\logs\\risedaily_detailed.log')}
2026-02-02 22:12:48,830 - watchfiles.main - DEBUG - 1 change detected: {(<Change.modified: 2>, 'D:\\Personal\\Rise Daily\\Backend\\logs\\risedaily_detailed.log')}
2026-02-02 22:12:49,235 - watchfiles.main - DEBUG - 1 change detected: {(<Change.modified: 2>, 'D:\\Personal\\Rise Daily\\Backend\\logs\\risedaily_detailed.log')}
2026-02-02 22:12:49,641 - watchfiles.main - DEBUG - 1 change detected: {(<Change.modified: 2>, 'D:\\Personal\\Rise Daily\\Backend\\logs\\risedaily_detailed.log')}
2026-02-02 22:12:50,045 - watchfiles.main - DEBUG - 1 change detected: {(<Change.modified: 2>, 'D:\\Personal\\Rise Daily\\Backend\\logs\\risedaily_detailed.log')}
2026-02-02 22:12:50,451 - watchfiles.main - DEBUG - 1 change detected: {(<Change.modified: 2>, 'D:\\Personal\\Rise Daily\\Backend\\logs\\risedaily_detailed.log')}
2026-02-02 22:12:50,857 - watchfiles.main - DEBUG - 1 change detected: {(<Change.modified: 2>, 'D:\\Personal\\Rise Daily\\Backend\\logs\\risedaily_detailed.log')}
2026-02-02 22:12:51,261 - watchfiles.main - DEBUG - 1 change detected: {(<Change.modified: 2>, 'D:\\Personal\\Rise Daily\\Backend\\logs\\risedaily_detailed.log')}
2026-02-02 22:12:51,666 - watchfiles.main - DEBUG - 1 change detected: {(<Change.modified: 2>, 'D:\\Personal\\Rise Daily\\Backend\\logs\\risedaily_detailed.log')}
2026-02-02 22:12:52,082 - watchfiles.main - DEBUG - 1 change detected: {(<Change.modified: 2>, 'D:\\Personal\\Rise Daily\\Backend\\logs\\risedaily_detailed.log')}
2026-02-02 22:12:52,498 - watchfiles.main - DEBUG - 1 change detected: {(<Change.modified: 2>, 'D:\\Personal\\Rise Daily\\Backend\\logs\\risedaily_detailed.log')}
2026-02-02 22:12:52,862 - watchfiles.main - DEBUG - 1 change detected: {(<Change.modified: 2>, 'D:\\Personal\\Rise Daily\\Backend\\logs\\risedaily_detailed.log')}
2026-02-02 22:12:53,266 - watchfiles.main - DEBUG - 1 change detected: {(<Change.modified: 2>, 'D:\\Personal\\Rise Daily\\Backend\\logs\\risedaily_detailed.log')}
2026-02-02 22:12:53,670 - watchfiles.main - DEBUG - 1 change detected: {(<Change.modified: 2>, 'D:\\Personal\\Rise Daily\\Backend\\logs\\risedaily_detailed.log')}
2026-02-02 22:12:54,075 - watchfiles.main - DEBUG - 1 change detected: {(<Change.modified: 2>, 'D:\\Personal\\Rise Daily\\Backend\\logs\\risedaily_detailed.log')}
2026-02-02 22:12:54,478 - watchfiles.main - DEBUG - 1 change detected: {(<Change.modified: 2>, 'D:\\Personal\\Rise Daily\\Backend\\logs\\risedaily_detailed.log')}
2026-02-02 22:12:54,880 - watchfiles.main - DEBUG - 1 change detected: {(<Change.modified: 2>, 'D:\\Personal\\Rise Daily\\Backend\\logs\\risedaily_detailed.log')}
2026-02-02 22:12:55,282 - watchfiles.main - DEBUG - 1 change detected: {(<Change.modified: 2>, 'D:\\Personal\\Rise Daily\\Backend\\logs\\risedaily_detailed.log')}
2026-02-02 22:12:55,695 - watchfiles.main - DEBUG - 1 change detected: {(<Change.modified: 2>, 'D:\\Personal\\Rise Daily\\Backend\\logs\\risedaily_detailed.log')}
2026-02-02 22:12:56,060 - watchfiles.main - DEBUG - 1 change detected: {(<Change.modified: 2>, 'D:\\Personal\\Rise Daily\\Backend\\logs\\risedaily_detailed.log')}
2026-02-02 22:12:56,466 - watchfiles.main - DEBUG - 1 change detected: {(<Change.modified: 2>, 'D:\\Personal\\Rise Daily\\Backend\\logs\\risedaily_detailed.log')}
2026-02-02 22:12:56,882 - watchfiles.main - DEBUG - 1 change detected: {(<Change.modified: 2>, 'D:\\Personal\\Rise Daily\\Backend\\logs\\risedaily_detailed.log')}
2026-02-02 22:12:57,296 - watchfiles.main - DEBUG - 1 change detected: {(<Change.modified: 2>, 'D:\\Personal\\Rise Daily\\Backend\\logs\\risedaily_detailed.log')}
2026-02-02 22:12:57,698 - watchfiles.main - DEBUG - 1 change detected: {(<Change.modified: 2>, 'D:\\Personal\\Rise Daily\\Backend\\logs\\risedaily_detailed.log')}
2026-02-02 22:12:58,112 - watchfiles.main - DEBUG - 1 change detected: {(<Change.modified: 2>, 'D:\\Personal\\Rise Daily\\Backend\\logs\\risedaily_detailed.log')}
2026-02-02 22:12:58,520 - watchfiles.main - DEBUG - 1 change detected: {(<Change.modified: 2>, 'D:\\Personal\\Rise Daily\\Backend\\logs\\risedaily_detailed.log')}
2026-02-02 22:12:58,923 - watchfiles.main - DEBUG - 1 change detected: {(<Change.modified: 2>, 'D:\\Personal\\Rise Daily\\Backend\\logs\\risedaily_detailed.log')}
2026-02-02 22:12:59,328 - watchfiles.main - DEBUG - 1 change detected: {(<Change.modified: 2>, 'D:\\Personal\\Rise Daily\\Backend\\logs\\risedaily_detailed.log')}
2026-02-02 22:12:59,730 - watchfiles.main - DEBUG - 1 change detected: {(<Change.modified: 2>, 'D:\\Personal\\Rise Daily\\Backend\\logs\\risedaily_detailed.log')}
2026-02-02 22:13:00,136 - watchfiles.main - DEBUG - 1 change detected: {(<Change.modified: 2>, 'D:\\Personal\\Rise Daily\\Backend\\logs\\risedaily_detailed.log')}
2026-02-02 22:13:00,541 - watchfiles.main - DEBUG - 1 change detected: {(<Change.modified: 2>, 'D:\\Personal\\Rise Daily\\Backend\\logs\\risedaily_detailed.log')}
2026-02-02 22:13:00,944 - watchfiles.main - DEBUG - 1 change detected: {(<Change.modified: 2>, 'D:\\Personal\\Rise Daily\\Backend\\logs\\risedaily_detailed.log')}
2026-02-02 22:13:01,349 - watchfiles.main - DEBUG - 1 change detected: {(<Change.modified: 2>, 'D:\\Personal\\Rise Daily\\Backend\\logs\\risedaily_detailed.log')}
2026-02-02 22:13:02,105 - watchfiles.main - DEBUG - 1 change detected: {(<Change.modified: 2>, 'D:\\Personal\\Rise Daily\\Backend\\logs\\risedaily_detailed.log')}
2026-02-02 22:13:02,466 - watchfiles.main - DEBUG - 1 change detected: {(<Change.modified: 2>, 'D:\\Personal\\Rise Daily\\Backend\\logs\\risedaily_detailed.log')}
2026-02-02 22:13:02,926 - watchfiles.main - DEBUG - 1 change detected: {(<Change.modified: 2>, 'D:\\Personal\\Rise Daily\\Backend\\logs\\risedaily_detailed.log')}
2026-02-02 22:13:03,329 - watchfiles.main - DEBUG - 1 change detected: {(<Change.modified: 2>, 'D:\\Personal\\Rise Daily\\Backend\\logs\\risedaily_detailed.log')}
2026-02-02 22:13:03,695 - watchfiles.main - DEBUG - 1 change detected: {(<Change.modified: 2>, 'D:\\Personal\\Rise Daily\\Backend\\logs\\risedaily_detailed.log')}
2026-02-02 22:13:04,102 - watchfiles.main - DEBUG - 1 change detected: {(<Change.modified: 2>, 'D:\\Personal\\Rise Daily\\Backend\\logs\\risedaily_detailed.log')}
2026-02-02 22:13:04,506 - watchfiles.main - DEBUG - 1 change detected: {(<Change.modified: 2>, 'D:\\Personal\\Rise Daily\\Backend\\logs\\risedaily_detailed.log')}
2026-02-02 22:13:04,910 - watchfiles.main - DEBUG - 1 change detected: {(<Change.modified: 2>, 'D:\\Personal\\Rise Daily\\Backend\\logs\\risedaily_detailed.log')}
2026-02-02 22:13:05,314 - watchfiles.main - DEBUG - 1 change detected: {(<Change.modified: 2>, 'D:\\Personal\\Rise Daily\\Backend\\logs\\risedaily_detailed.log')}
2026-02-02 22:13:05,719 - watchfiles.main - DEBUG - 1 change detected: {(<Change.modified: 2>, 'D:\\Personal\\Rise Daily\\Backend\\logs\\risedaily_detailed.log')}
2026-02-02 22:13:06,124 - watchfiles.main - DEBUG - 1 change detected: {(<Change.modified: 2>, 'D:\\Personal\\Rise Daily\\Backend\\logs\\risedaily_detailed.log')}
2026-02-02 22:13:06,529 - watchfiles.main - DEBUG - 1 change detected: {(<Change.modified: 2>, 'D:\\Personal\\Rise Daily\\Backend\\logs\\risedaily_detailed.log')}
2026-02-02 22:13:06,932 - watchfiles.main - DEBUG - 1 change detected: {(<Change.modified: 2>, 'D:\\Personal\\Rise Daily\\Backend\\logs\\risedaily_detailed.log')}
2026-02-02 22:13:07,333 - watchfiles.main - DEBUG - 1 change detected: {(<Change.modified: 2>, 'D:\\Personal\\Rise Daily\\Backend\\logs\\risedaily_detailed.log')}
2026-02-02 22:13:07,735 - watchfiles.main - DEBUG - 1 change detected: {(<Change.modified: 2>, 'D:\\Personal\\Rise Daily\\Backend\\logs\\risedaily_detailed.log')}
2026-02-02 22:13:08,139 - watchfiles.main - DEBUG - 1 change detected: {(<Change.modified: 2>, 'D:\\Personal\\Rise Daily\\Backend\\logs\\risedaily_detailed.log')}
2026-02-02 22:13:08,543 - watchfiles.main - DEBUG - 1 change detected: {(<Change.modified: 2>, 'D:\\Personal\\Rise Daily\\Backend\\logs\\risedaily_detailed.log')}
2026-02-02 22:13:08,950 - watchfiles.main - DEBUG - 1 change detected: {(<Change.modified: 2>, 'D:\\Personal\\Rise Daily\\Backend\\logs\\risedaily_detailed.log')}
2026-02-02 22:13:09,353 - watchfiles.main - DEBUG - 1 change detected: {(<Change.modified: 2>, 'D:\\Personal\\Rise Daily\\Backend\\logs\\risedaily_detailed.log')}
2026-02-02 22:13:09,709 - watchfiles.main - DEBUG - 1 change detected: {(<Change.modified: 2>, 'D:\\Personal\\Rise Daily\\Backend\\logs\\risedaily_detailed.log')}
2026-02-02 22:13:10,115 - watchfiles.main - DEBUG - 1 change detected: {(<Change.modified: 2>, 'D:\\Personal\\Rise Daily\\Backend\\logs\\risedaily_detailed.log')}
2026-02-02 22:13:10,518 - watchfiles.main - DEBUG - 1 change detected: {(<Change.modified: 2>, 'D:\\Personal\\Rise Daily\\Backend\\logs\\risedaily_detailed.log')}
2026-02-02 22:13:10,923 - watchfiles.main - DEBUG - 1 change detected: {(<Change.modified: 2>, 'D:\\Personal\\Rise Daily\\Backend\\logs\\risedaily_detailed.log')}
2026-02-02 22:13:11,328 - watchfiles.main - DEBUG - 1 change detected: {(<Change.modified: 2>, 'D:\\Personal\\Rise Daily\\Backend\\logs\\risedaily_detailed.log')}
2026-02-02 22:13:11,731 - watchfiles.main - DEBUG - 1 change detected: {(<Change.modified: 2>, 'D:\\Personal\\Rise Daily\\Backend\\logs\\risedaily_detailed.log')}
2026-02-02 22:13:12,134 - watchfiles.main - DEBUG - 1 change detected: {(<Change.modified: 2>, 'D:\\Personal\\Rise Daily\\Backend\\logs\\risedaily_detailed.log')}
2026-02-02 22:13:12,539 - watchfiles.main - DEBUG - 1 change detected: {(<Change.modified: 2>, 'D:\\Personal\\Rise Daily\\Backend\\logs\\risedaily_detailed.log')}
2026-02-02 22:13:12,944 - watchfiles.main - DEBUG - 1 change detected: {(<Change.modified: 2>, 'D:\\Personal\\Rise Daily\\Backend\\logs\\risedaily_detailed.log')}
2026-02-02 22:13:13,348 - watchfiles.main - DEBUG - 1 change detected: {(<Change.modified: 2>, 'D:\\Personal\\Rise Daily\\Backend\\logs\\risedaily_detailed.log')}
2026-02-02 22:13:13,750 - watchfiles.main - DEBUG - 1 change detected: {(<Change.modified: 2>, 'D:\\Personal\\Rise Daily\\Backend\\logs\\risedaily_detailed.log')}
2026-02-02 22:13:14,153 - watchfiles.main - DEBUG - 1 change detected: {(<Change.modified: 2>, 'D:\\Personal\\Rise Daily\\Backend\\logs\\risedaily_detailed.log')}
2026-02-02 22:13:14,557 - watchfiles.main - DEBUG - 1 change detected: {(<Change.modified: 2>, 'D:\\Personal\\Rise Daily\\Backend\\logs\\risedaily_detailed.log')}
2026-02-02 22:13:14,963 - watchfiles.main - DEBUG - 1 change detected: {(<Change.modified: 2>, 'D:\\Personal\\Rise Daily\\Backend\\logs\\risedaily_detailed.log')}
2026-02-02 22:13:15,367 - watchfiles.main - DEBUG - 1 change detected: {(<Change.modified: 2>, 'D:\\Personal\\Rise Daily\\Backend\\logs\\risedaily_detailed.log')}
2026-02-02 22:13:15,770 - watchfiles.main - DEBUG - 1 change detected: {(<Change.modified: 2>, 'D:\\Personal\\Rise Daily\\Backend\\logs\\risedaily_detailed.log')}
2026-02-02 22:13:16,176 - watchfiles.main - DEBUG - 1 change detected: {(<Change.modified: 2>, 'D:\\Personal\\Rise Daily\\Backend\\logs\\risedaily_detailed.log')}
2026-02-02 22:13:16,580 - watchfiles.main - DEBUG - 1 change detected: {(<Change.modified: 2>, 'D:\\Personal\\Rise Daily\\Backend\\logs\\risedaily_detailed.log')}
2026-02-02 22:13:16,983 - watchfiles.main - DEBUG - 1 change detected: {(<Change.modified: 2>, 'D:\\Personal\\Rise Daily\\Backend\\logs\\risedaily_detailed.log')}
2026-02-02 22:13:17,389 - watchfiles.main - DEBUG - 1 change detected: {(<Change.modified: 2>, 'D:\\Personal\\Rise Daily\\Backend\\logs\\risedaily_detailed.log')}
2026-02-02 22:13:17,798 - watchfiles.main - DEBUG - 1 change detected: {(<Change.modified: 2>, 'D:\\Personal\\Rise Daily\\Backend\\logs\\risedaily_detailed.log')}
2026-02-02 22:13:18,202 - watchfiles.main - DEBUG - 1 change detected: {(<Change.modified: 2>, 'D:\\Personal\\Rise Daily\\Backend\\logs\\risedaily_detailed.log')}
2026-02-02 22:13:18,605 - watchfiles.main - DEBUG - 1 change detected: {(<Change.modified: 2>, 'D:\\Personal\\Rise Daily\\Backend\\logs\\risedaily_detailed.log')}
2026-02-02 22:13:19,010 - watchfiles.main - DEBUG - 1 change detected: {(<Change.modified: 2>, 'D:\\Personal\\Rise Daily\\Backend\\logs\\risedaily_detailed.log')}
2026-02-02 22:13:19,416 - watchfiles.main - DEBUG - 1 change detected: {(<Change.modified: 2>, 'D:\\Personal\\Rise Daily\\Backend\\logs\\risedaily_detailed.log')}
2026-02-02 22:13:19,821 - watchfiles.main - DEBUG - 1 change detected: {(<Change.modified: 2>, 'D:\\Personal\\Rise Daily\\Backend\\logs\\risedaily_detailed.log')}
2026-02-02 22:13:20,224 - watchfiles.main - DEBUG - 1 change detected: {(<Change.modified: 2>, 'D:\\Personal\\Rise Daily\\Backend\\logs\\risedaily_detailed.log')}
2026-02-02 22:13:20,628 - watchfiles.main - DEBUG - 1 change detected: {(<Change.modified: 2>, 'D:\\Personal\\Rise Daily\\Backend\\logs\\risedaily_detailed.log')}
2026-02-02 22:13:21,036 - watchfiles.main - DEBUG - 1 change detected: {(<Change.modified: 2>, 'D:\\Personal\\Rise Daily\\Backend\\logs\\risedaily_detailed.log')}
2026-02-02 22:13:21,441 - watchfiles.main - DEBUG - 1 change detected: {(<Change.modified: 2>, 'D:\\Personal\\Rise Daily\\Backend\\logs\\risedaily_detailed.log')}
2026-02-02 22:13:21,849 - watchfiles.main - DEBUG - 1 change detected: {(<Change.modified: 2>, 'D:\\Personal\\Rise Daily\\Backend\\logs\\risedaily_detailed.log')}
2026-02-02 22:13:22,252 - watchfiles.main - DEBUG - 1 change detected: {(<Change.modified: 2>, 'D:\\Personal\\Rise Daily\\Backend\\logs\\risedaily_detailed.log')}
2026-02-02 22:13:22,660 - watchfiles.main - DEBUG - 1 change detected: {(<Change.modified: 2>, 'D:\\Personal\\Rise Daily\\Backend\\logs\\risedaily_detailed.log')}
2026-02-02 22:13:23,066 - watchfiles.main - DEBUG - 1 change detected: {(<Change.modified: 2>, 'D:\\Personal\\Rise Daily\\Backend\\logs\\risedaily_detailed.log')}
2026-02-02 22:13:23,470 - watchfiles.main - DEBUG - 1 change detected: {(<Change.modified: 2>, 'D:\\Personal\\Rise Daily\\Backend\\logs\\risedaily_detailed.log')}
2026-02-02 22:13:23,877 - watchfiles.main - DEBUG - 1 change detected: {(<Change.modified: 2>, 'D:\\Personal\\Rise Daily\\Backend\\logs\\risedaily_detailed.log')}
2026-02-02 22:13:24,283 - watchfiles.main - DEBUG - 1 change detected: {(<Change.modified: 2>, 'D:\\Personal\\Rise Daily\\Backend\\logs\\risedaily_detailed.log')}
2026-02-02 22:13:24,687 - watchfiles.main - DEBUG - 1 change detected: {(<Change.modified: 2>, 'D:\\Personal\\Rise Daily\\Backend\\logs\\risedaily_detailed.log')}
2026-02-02 22:13:25,097 - watchfiles.main - DEBUG - 1 change detected: {(<Change.modified: 2>, 'D:\\Personal\\Rise Daily\\Backend\\logs\\risedaily_detailed.log')}
2026-02-02 22:13:25,502 - watchfiles.main - DEBUG - 1 change detected: {(<Change.modified: 2>, 'D:\\Personal\\Rise Daily\\Backend\\logs\\risedaily_detailed.log')}
2026-02-02 22:13:25,908 - watchfiles.main - DEBUG - 1 change detected: {(<Change.modified: 2>, 'D:\\Personal\\Rise Daily\\Backend\\logs\\risedaily_detailed.log')}
2026-02-02 22:13:26,313 - watchfiles.main - DEBUG - 1 change detected: {(<Change.modified: 2>, 'D:\\Personal\\Rise Daily\\Backend\\logs\\risedaily_detailed.log')}
2026-02-02 22:13:26,718 - watchfiles.main - DEBUG - 1 change detected: {(<Change.modified: 2>, 'D:\\Personal\\Rise Daily\\Backend\\logs\\risedaily_detailed.log')}
2026-02-02 22:13:27,123 - watchfiles.main - DEBUG - 1 change detected: {(<Change.modified: 2>, 'D:\\Personal\\Rise Daily\\Backend\\logs\\risedaily_detailed.log')}
2026-02-02 22:13:27,526 - watchfiles.main - DEBUG - 1 change detected: {(<Change.modified: 2>, 'D:\\Personal\\Rise Daily\\Backend\\logs\\risedaily_detailed.log')}
2026-02-02 22:13:27,930 - watchfiles.main - DEBUG - 1 change detected: {(<Change.modified: 2>, 'D:\\Personal\\Rise Daily\\Backend\\logs\\risedaily_detailed.log')}
2026-02-02 22:13:28,335 - watchfiles.main - DEBUG - 1 change detected: {(<Change.modified: 2>, 'D:\\Personal\\Rise Daily\\Backend\\logs\\risedaily_detailed.log')}
2026-02-02 22:13:28,741 - watchfiles.main - DEBUG - 1 change detected: {(<Change.modified: 2>, 'D:\\Personal\\Rise Daily\\Backend\\logs\\risedaily_detailed.log')}
2026-02-02 22:13:29,145 - watchfiles.main - DEBUG - 1 change detected: {(<Change.modified: 2>, 'D:\\Personal\\Rise Daily\\Backend\\logs\\risedaily_detailed.log')}
2026-02-02 22:13:29,553 - watchfiles.main - DEBUG - 1 change detected: {(<Change.modified: 2>, 'D:\\Personal\\Rise Daily\\Backend\\logs\\risedaily_detailed.log')}
2026-02-02 22:13:29,958 - watchfiles.main - DEBUG - 1 change detected: {(<Change.modified: 2>, 'D:\\Personal\\Rise Daily\\Backend\\logs\\risedaily_detailed.log')}
2026-02-02 22:13:30,363 - watchfiles.main - DEBUG - 1 change detected: {(<Change.modified: 2>, 'D:\\Personal\\Rise Daily\\Backend\\logs\\risedaily_detailed.log')}
2026-02-02 22:13:30,769 - watchfiles.main - DEBUG - 1 change detected: {(<Change.modified: 2>, 'D:\\Personal\\Rise Daily\\Backend\\logs\\risedaily_detailed.log')}
2026-02-02 22:13:31,175 - watchfiles.main - DEBUG - 1 change detected: {(<Change.modified: 2>, 'D:\\Personal\\Rise Daily\\Backend\\logs\\risedaily_detailed.log')}
2026-02-02 22:13:31,580 - watchfiles.main - DEBUG - 1 change detected: {(<Change.modified: 2>, 'D:\\Personal\\Rise Daily\\Backend\\logs\\risedaily_detailed.log')}
2026-02-02 22:13:31,985 - watchfiles.main - DEBUG - 1 change detected: {(<Change.modified: 2>, 'D:\\Personal\\Rise Daily\\Backend\\logs\\risedaily_detailed.log')}
2026-02-02 22:13:32,393 - watchfiles.main - DEBUG - 1 change detected: {(<Change.modified: 2>, 'D:\\Personal\\Rise Daily\\Backend\\logs\\risedaily_detailed.log')}
2026-02-02 22:13:32,796 - watchfiles.main - DEBUG - 1 change detected: {(<Change.modified: 2>, 'D:\\Personal\\Rise Daily\\Backend\\logs\\risedaily_detailed.log')}
2026-02-02 22:13:33,201 - watchfiles.main - DEBUG - 1 change detected: {(<Change.modified: 2>, 'D:\\Personal\\Rise Daily\\Backend\\logs\\risedaily_detailed.log')}
2026-02-02 22:13:33,606 - watchfiles.main - DEBUG - 1 change detected: {(<Change.modified: 2>, 'D:\\Personal\\Rise Daily\\Backend\\logs\\risedaily_detailed.log')}
2026-02-02 22:13:34,009 - watchfiles.main - DEBUG - 1 change detected: {(<Change.modified: 2>, 'D:\\Personal\\Rise Daily\\Backend\\logs\\risedaily_detailed.log')}
2026-02-02 22:13:34,417 - watchfiles.main - DEBUG - 1 change detected: {(<Change.modified: 2>, 'D:\\Personal\\Rise Daily\\Backend\\logs\\risedaily_detailed.log')}
2026-02-02 22:13:34,822 - watchfiles.main - DEBUG - 1 change detected: {(<Change.modified: 2>, 'D:\\Personal\\Rise Daily\\Backend\\logs\\risedaily_detailed.log')}
2026-02-02 22:13:35,225 - watchfiles.main - DEBUG - 1 change detected: {(<Change.modified: 2>, 'D:\\Personal\\Rise Daily\\Backend\\logs\\risedaily_detailed.log')}
2026-02-02 22:13:35,590 - watchfiles.main - DEBUG - 1 change detected: {(<Change.modified: 2>, 'D:\\Personal\\Rise Daily\\Backend\\logs\\risedaily_detailed.log')}
2026-02-02 22:13:35,996 - watchfiles.main - DEBUG - 1 change detected: {(<Change.modified: 2>, 'D:\\Personal\\Rise Daily\\Backend\\logs\\risedaily_detailed.log')}
2026-02-02 22:13:36,399 - watchfiles.main - DEBUG - 1 change detected: {(<Change.modified: 2>, 'D:\\Personal\\Rise Daily\\Backend\\logs\\risedaily_detailed.log')}
2026-02-02 22:13:36,802 - watchfiles.main - DEBUG - 1 change detected: {(<Change.modified: 2>, 'D:\\Personal\\Rise Daily\\Backend\\logs\\risedaily_detailed.log')}
2026-02-02 22:13:37,204 - watchfiles.main - DEBUG - 1 change detected: {(<Change.modified: 2>, 'D:\\Personal\\Rise Daily\\Backend\\logs\\risedaily_detailed.log')}
2026-02-02 22:13:37,611 - watchfiles.main - DEBUG - 1 change detected: {(<Change.modified: 2>, 'D:\\Personal\\Rise Daily\\Backend\\logs\\risedaily_detailed.log')}
2026-02-02 22:13:38,017 - watchfiles.main - DEBUG - 1 change detected: {(<Change.modified: 2>, 'D:\\Personal\\Rise Daily\\Backend\\logs\\risedaily_detailed.log')}
2026-02-02 22:13:38,420 - watchfiles.main - DEBUG - 1 change detected: {(<Change.modified: 2>, 'D:\\Personal\\Rise Daily\\Backend\\logs\\risedaily_detailed.log')}
2026-02-02 22:13:38,826 - watchfiles.main - DEBUG - 1 change detected: {(<Change.modified: 2>, 'D:\\Personal\\Rise Daily\\Backend\\logs\\risedaily_detailed.log')}
2026-02-02 22:13:39,230 - watchfiles.main - DEBUG - 1 change detected: {(<Change.modified: 2>, 'D:\\Personal\\Rise Daily\\Backend\\logs\\risedaily_detailed.log')}
2026-02-02 22:13:39,632 - watchfiles.main - DEBUG - 1 change detected: {(<Change.modified: 2>, 'D:\\Personal\\Rise Daily\\Backend\\logs\\risedaily_detailed.log')}
2026-02-02 22:13:40,042 - watchfiles.main - DEBUG - 1 change detected: {(<Change.modified: 2>, 'D:\\Personal\\Rise Daily\\Backend\\logs\\risedaily_detailed.log')}
2026-02-02 22:13:40,447 - watchfiles.main - DEBUG - 1 change detected: {(<Change.modified: 2>, 'D:\\Personal\\Rise Daily\\Backend\\logs\\risedaily_detailed.log')}
2026-02-02 22:13:40,850 - watchfiles.main - DEBUG - 1 change detected: {(<Change.modified: 2>, 'D:\\Personal\\Rise Daily\\Backend\\logs\\risedaily_detailed.log')}
2026-02-02 22:13:41,255 - watchfiles.main - DEBUG - 1 change detected: {(<Change.modified: 2>, 'D:\\Personal\\Rise Daily\\Backend\\logs\\risedaily_detailed.log')}
2026-02-02 22:13:41,657 - watchfiles.main - DEBUG - 1 change detected: {(<Change.modified: 2>, 'D:\\Personal\\Rise Daily\\Backend\\logs\\risedaily_detailed.log')}
2026-02-02 22:13:42,063 - watchfiles.main - DEBUG - 1 change detected: {(<Change.modified: 2>, 'D:\\Personal\\Rise Daily\\Backend\\logs\\risedaily_detailed.log')}
2026-02-02 22:13:42,467 - watchfiles.main - DEBUG - 1 change detected: {(<Change.modified: 2>, 'D:\\Personal\\Rise Daily\\Backend\\logs\\risedaily_detailed.log')}
2026-02-02 22:13:42,872 - watchfiles.main - DEBUG - 1 change detected: {(<Change.modified: 2>, 'D:\\Personal\\Rise Daily\\Backend\\logs\\risedaily_detailed.log')}
2026-02-02 22:13:43,275 - watchfiles.main - DEBUG - 1 change detected: {(<Change.modified: 2>, 'D:\\Personal\\Rise Daily\\Backend\\logs\\risedaily_detailed.log')}
2026-02-02 22:13:43,679 - watchfiles.main - DEBUG - 1 change detected: {(<Change.modified: 2>, 'D:\\Personal\\Rise Daily\\Backend\\logs\\risedaily_detailed.log')}
2026-02-02 22:13:44,085 - watchfiles.main - DEBUG - 1 change detected: {(<Change.modified: 2>, 'D:\\Personal\\Rise Daily\\Backend\\logs\\risedaily_detailed.log')}
2026-02-02 22:13:44,502 - watchfiles.main - DEBUG - 1 change detected: {(<Change.modified: 2>, 'D:\\Personal\\Rise Daily\\Backend\\logs\\risedaily_detailed.log')}
2026-02-02 22:13:44,904 - watchfiles.main - DEBUG - 1 change detected: {(<Change.modified: 2>, 'D:\\Personal\\Rise Daily\\Backend\\logs\\risedaily_detailed.log')}
2026-02-02 22:13:45,308 - watchfiles.main - DEBUG - 1 change detected: {(<Change.modified: 2>, 'D:\\Personal\\Rise Daily\\Backend\\logs\\risedaily_detailed.log')}
2026-02-02 22:13:45,713 - watchfiles.main - DEBUG - 1 change detected: {(<Change.modified: 2>, 'D:\\Personal\\Rise Daily\\Backend\\logs\\risedaily_detailed.log')}
2026-02-02 22:13:46,121 - watchfiles.main - DEBUG - 1 change detected: {(<Change.modified: 2>, 'D:\\Personal\\Rise Daily\\Backend\\logs\\risedaily_detailed.log')}
2026-02-02 22:13:46,524 - watchfiles.main - DEBUG - 1 change detected: {(<Change.modified: 2>, 'D:\\Personal\\Rise Daily\\Backend\\logs\\risedaily_detailed.log')}
2026-02-02 22:13:46,929 - watchfiles.main - DEBUG - 1 change detected: {(<Change.modified: 2>, 'D:\\Personal\\Rise Daily\\Backend\\logs\\risedaily_detailed.log')}
2026-02-02 22:13:47,283 - watchfiles.main - DEBUG - 1 change detected: {(<Change.modified: 2>, 'D:\\Personal\\Rise Daily\\Backend\\logs\\risedaily_detailed.log')}
2026-02-02 22:13:47,689 - watchfiles.main - DEBUG - 1 change detected: {(<Change.modified: 2>, 'D:\\Personal\\Rise Daily\\Backend\\logs\\risedaily_detailed.log')}
2026-02-02 22:13:48,092 - watchfiles.main - DEBUG - 1 change detected: {(<Change.modified: 2>, 'D:\\Personal\\Rise Daily\\Backend\\logs\\risedaily_detailed.log')}
2026-02-02 22:13:48,510 - watchfiles.main - DEBUG - 1 change detected: {(<Change.modified: 2>, 'D:\\Personal\\Rise Daily\\Backend\\logs\\risedaily_detailed.log')}
2026-02-02 22:13:48,969 - watchfiles.main - DEBUG - 1 change detected: {(<Change.modified: 2>, 'D:\\Personal\\Rise Daily\\Backend\\logs\\risedaily_detailed.log')}
2026-02-02 22:13:49,333 - watchfiles.main - DEBUG - 1 change detected: {(<Change.modified: 2>, 'D:\\Personal\\Rise Daily\\Backend\\logs\\risedaily_detailed.log')}
2026-02-02 22:13:49,739 - watchfiles.main - DEBUG - 1 change detected: {(<Change.modified: 2>, 'D:\\Personal\\Rise Daily\\Backend\\logs\\risedaily_detailed.log')}
2026-02-02 22:13:50,143 - watchfiles.main - DEBUG - 1 change detected: {(<Change.modified: 2>, 'D:\\Personal\\Rise Daily\\Backend\\logs\\risedaily_detailed.log')}
2026-02-02 22:13:50,547 - watchfiles.main - DEBUG - 1 change detected: {(<Change.modified: 2>, 'D:\\Personal\\Rise Daily\\Backend\\logs\\risedaily_detailed.log')}
2026-02-02 22:13:50,952 - watchfiles.main - DEBUG - 1 change detected: {(<Change.modified: 2>, 'D:\\Personal\\Rise Daily\\Backend\\logs\\risedaily_detailed.log')}
2026-02-02 22:13:51,358 - watchfiles.main - DEBUG - 1 change detected: {(<Change.modified: 2>, 'D:\\Personal\\Rise Daily\\Backend\\logs\\risedaily_detailed.log')}
2026-02-02 22:13:51,762 - watchfiles.main - DEBUG - 1 change detected: {(<Change.modified: 2>, 'D:\\Personal\\Rise Daily\\Backend\\logs\\risedaily_detailed.log')}
2026-02-02 22:13:52,165 - watchfiles.main - DEBUG - 1 change detected: {(<Change.modified: 2>, 'D:\\Personal\\Rise Daily\\Backend\\logs\\risedaily_detailed.log')}
2026-02-02 22:13:52,571 - watchfiles.main - DEBUG - 1 change detected: {(<Change.modified: 2>, 'D:\\Personal\\Rise Daily\\Backend\\logs\\risedaily_detailed.log')}
2026-02-02 22:13:52,977 - watchfiles.main - DEBUG - 1 change detected: {(<Change.modified: 2>, 'D:\\Personal\\Rise Daily\\Backend\\logs\\risedaily_detailed.log')}
2026-02-02 22:13:53,383 - watchfiles.main - DEBUG - 1 change detected: {(<Change.modified: 2>, 'D:\\Personal\\Rise Daily\\Backend\\logs\\risedaily_detailed.log')}
2026-02-02 22:13:53,785 - watchfiles.main - DEBUG - 1 change detected: {(<Change.modified: 2>, 'D:\\Personal\\Rise Daily\\Backend\\logs\\risedaily_detailed.log')}
2026-02-02 22:13:54,187 - watchfiles.main - DEBUG - 1 change detected: {(<Change.modified: 2>, 'D:\\Personal\\Rise Daily\\Backend\\logs\\risedaily_detailed.log')}
2026-02-02 22:13:54,590 - watchfiles.main - DEBUG - 1 change detected: {(<Change.modified: 2>, 'D:\\Personal\\Rise Daily\\Backend\\logs\\risedaily_detailed.log')}
2026-02-02 22:13:55,007 - watchfiles.main - DEBUG - 1 change detected: {(<Change.modified: 2>, 'D:\\Personal\\Rise Daily\\Backend\\logs\\risedaily_detailed.log')}
2026-02-02 22:13:55,409 - watchfiles.main - DEBUG - 1 change detected: {(<Change.modified: 2>, 'D:\\Personal\\Rise Daily\\Backend\\logs\\risedaily_detailed.log')}
2026-02-02 22:13:55,812 - watchfiles.main - DEBUG - 1 change detected: {(<Change.modified: 2>, 'D:\\Personal\\Rise Daily\\Backend\\logs\\risedaily_detailed.log')}
2026-02-02 22:13:56,166 - watchfiles.main - DEBUG - 1 change detected: {(<Change.modified: 2>, 'D:\\Personal\\Rise Daily\\Backend\\logs\\risedaily_detailed.log')}
2026-02-02 22:13:56,571 - watchfiles.main - DEBUG - 1 change detected: {(<Change.modified: 2>, 'D:\\Personal\\Rise Daily\\Backend\\logs\\risedaily_detailed.log')}
2026-02-02 22:13:56,988 - watchfiles.main - DEBUG - 1 change detected: {(<Change.modified: 2>, 'D:\\Personal\\Rise Daily\\Backend\\logs\\risedaily_detailed.log')}
2026-02-02 22:13:57,393 - watchfiles.main - DEBUG - 1 change detected: {(<Change.modified: 2>, 'D:\\Personal\\Rise Daily\\Backend\\logs\\risedaily_detailed.log')}
2026-02-02 22:13:57,798 - watchfiles.main - DEBUG - 1 change detected: {(<Change.modified: 2>, 'D:\\Personal\\Rise Daily\\Backend\\logs\\risedaily_detailed.log')}
2026-02-02 22:13:58,203 - watchfiles.main - DEBUG - 1 change detected: {(<Change.modified: 2>, 'D:\\Personal\\Rise Daily\\Backend\\logs\\risedaily_detailed.log')}
2026-02-02 22:13:58,604 - watchfiles.main - DEBUG - 1 change detected: {(<Change.modified: 2>, 'D:\\Personal\\Rise Daily\\Backend\\logs\\risedaily_detailed.log')}
2026-02-02 22:13:59,011 - watchfiles.main - DEBUG - 1 change detected: {(<Change.modified: 2>, 'D:\\Personal\\Rise Daily\\Backend\\logs\\risedaily_detailed.log')}
2026-02-02 22:13:59,428 - watchfiles.main - DEBUG - 1 change detected: {(<Change.modified: 2>, 'D:\\Personal\\Rise Daily\\Backend\\logs\\risedaily_detailed.log')}
2026-02-02 22:13:59,793 - watchfiles.main - DEBUG - 1 change detected: {(<Change.modified: 2>, 'D:\\Personal\\Rise Daily\\Backend\\logs\\risedaily_detailed.log')}
2026-02-02 22:14:00,197 - watchfiles.main - DEBUG - 1 change detected: {(<Change.modified: 2>, 'D:\\Personal\\Rise Daily\\Backend\\logs\\risedaily_detailed.log')}
2026-02-02 22:14:00,612 - watchfiles.main - DEBUG - 1 change detected: {(<Change.modified: 2>, 'D:\\Personal\\Rise Daily\\Backend\\logs\\risedaily_detailed.log')}
2026-02-02 22:14:01,028 - watchfiles.main - DEBUG - 1 change detected: {(<Change.modified: 2>, 'D:\\Personal\\Rise Daily\\Backend\\logs\\risedaily_detailed.log')}
2026-02-02 22:14:01,391 - watchfiles.main - DEBUG - 1 change detected: {(<Change.modified: 2>, 'D:\\Personal\\Rise Daily\\Backend\\logs\\risedaily_detailed.log')}
2026-02-02 22:14:01,795 - watchfiles.main - DEBUG - 1 change detected: {(<Change.modified: 2>, 'D:\\Personal\\Rise Daily\\Backend\\logs\\risedaily_detailed.log')}
2026-02-02 22:14:02,211 - watchfiles.main - DEBUG - 1 change detected: {(<Change.modified: 2>, 'D:\\Personal\\Rise Daily\\Backend\\logs\\risedaily_detailed.log')}
2026-02-02 22:14:02,625 - watchfiles.main - DEBUG - 1 change detected: {(<Change.modified: 2>, 'D:\\Personal\\Rise Daily\\Backend\\logs\\risedaily_detailed.log')}
2026-02-02 22:14:02,991 - watchfiles.main - DEBUG - 1 change detected: {(<Change.modified: 2>, 'D:\\Personal\\Rise Daily\\Backend\\logs\\risedaily_detailed.log')}
2026-02-02 22:14:03,396 - watchfiles.main - DEBUG - 1 change detected: {(<Change.modified: 2>, 'D:\\Personal\\Rise Daily\\Backend\\logs\\risedaily_detailed.log')}
2026-02-02 22:14:03,801 - watchfiles.main - DEBUG - 1 change detected: {(<Change.modified: 2>, 'D:\\Personal\\Rise Daily\\Backend\\logs\\risedaily_detailed.log')}
2026-02-02 22:14:04,216 - watchfiles.main - DEBUG - 1 change detected: {(<Change.modified: 2>, 'D:\\Personal\\Rise Daily\\Backend\\logs\\risedaily_detailed.log')}
2026-02-02 22:14:04,618 - watchfiles.main - DEBUG - 1 change detected: {(<Change.modified: 2>, 'D:\\Personal\\Rise Daily\\Backend\\logs\\risedaily_detailed.log')}
2026-02-02 22:14:05,019 - watchfiles.main - DEBUG - 1 change detected: {(<Change.modified: 2>, 'D:\\Personal\\Rise Daily\\Backend\\logs\\risedaily_detailed.log')}
2026-02-02 22:14:05,421 - watchfiles.main - DEBUG - 1 change detected: {(<Change.modified: 2>, 'D:\\Personal\\Rise Daily\\Backend\\logs\\risedaily_detailed.log')}
2026-02-02 22:14:05,837 - watchfiles.main - DEBUG - 1 change detected: {(<Change.modified: 2>, 'D:\\Personal\\Rise Daily\\Backend\\logs\\risedaily_detailed.log')}
2026-02-02 22:14:06,190 - watchfiles.main - DEBUG - 1 change detected: {(<Change.modified: 2>, 'D:\\Personal\\Rise Daily\\Backend\\logs\\risedaily_detailed.log')}
2026-02-02 22:14:06,601 - watchfiles.main - DEBUG - 1 change detected: {(<Change.modified: 2>, 'D:\\Personal\\Rise Daily\\Backend\\logs\\risedaily_detailed.log')}
2026-02-02 22:14:07,018 - watchfiles.main - DEBUG - 1 change detected: {(<Change.modified: 2>, 'D:\\Personal\\Rise Daily\\Backend\\logs\\risedaily_detailed.log')}
2026-02-02 22:14:07,423 - watchfiles.main - DEBUG - 1 change detected: {(<Change.modified: 2>, 'D:\\Personal\\Rise Daily\\Backend\\logs\\risedaily_detailed.log')}
2026-02-02 22:14:07,830 - watchfiles.main - DEBUG - 1 change detected: {(<Change.modified: 2>, 'D:\\Personal\\Rise Daily\\Backend\\logs\\risedaily_detailed.log')}
2026-02-02 22:14:08,235 - watchfiles.main - DEBUG - 1 change detected: {(<Change.modified: 2>, 'D:\\Personal\\Rise Daily\\Backend\\logs\\risedaily_detailed.log')}
2026-02-02 22:14:08,591 - watchfiles.main - DEBUG - 1 change detected: {(<Change.modified: 2>, 'D:\\Personal\\Rise Daily\\Backend\\logs\\risedaily_detailed.log')}
2026-02-02 22:14:09,000 - watchfiles.main - DEBUG - 1 change detected: {(<Change.modified: 2>, 'D:\\Personal\\Rise Daily\\Backend\\logs\\risedaily_detailed.log')}
2026-02-02 22:14:09,405 - watchfiles.main - DEBUG - 1 change detected: {(<Change.modified: 2>, 'D:\\Personal\\Rise Daily\\Backend\\logs\\risedaily_detailed.log')}
2026-02-02 22:14:09,811 - watchfiles.main - DEBUG - 1 change detected: {(<Change.modified: 2>, 'D:\\Personal\\Rise Daily\\Backend\\logs\\risedaily_detailed.log')}
2026-02-02 22:14:10,216 - watchfiles.main - DEBUG - 1 change detected: {(<Change.modified: 2>, 'D:\\Personal\\Rise Daily\\Backend\\logs\\risedaily_detailed.log')}
2026-02-02 22:14:10,632 - watchfiles.main - DEBUG - 1 change detected: {(<Change.modified: 2>, 'D:\\Personal\\Rise Daily\\Backend\\logs\\risedaily_detailed.log')}
2026-02-02 22:14:11,036 - watchfiles.main - DEBUG - 1 change detected: {(<Change.modified: 2>, 'D:\\Personal\\Rise Daily\\Backend\\logs\\risedaily_detailed.log')}
2026-02-02 22:14:11,440 - watchfiles.main - DEBUG - 1 change detected: {(<Change.modified: 2>, 'D:\\Personal\\Rise Daily\\Backend\\logs\\risedaily_detailed.log')}
2026-02-02 22:14:11,844 - watchfiles.main - DEBUG - 1 change detected: {(<Change.modified: 2>, 'D:\\Personal\\Rise Daily\\Backend\\logs\\risedaily_detailed.log')}
2026-02-02 22:14:12,248 - watchfiles.main - DEBUG - 1 change detected: {(<Change.modified: 2>, 'D:\\Personal\\Rise Daily\\Backend\\logs\\risedaily_detailed.log')}
2026-02-02 22:14:12,654 - watchfiles.main - DEBUG - 1 change detected: {(<Change.modified: 2>, 'D:\\Personal\\Rise Daily\\Backend\\logs\\risedaily_detailed.log')}
2026-02-02 22:14:13,057 - watchfiles.main - DEBUG - 1 change detected: {(<Change.modified: 2>, 'D:\\Personal\\Rise Daily\\Backend\\logs\\risedaily_detailed.log')}
2026-02-02 22:14:13,461 - watchfiles.main - DEBUG - 1 change detected: {(<Change.modified: 2>, 'D:\\Personal\\Rise Daily\\Backend\\logs\\risedaily_detailed.log')}
2026-02-02 22:14:13,866 - watchfiles.main - DEBUG - 1 change detected: {(<Change.modified: 2>, 'D:\\Personal\\Rise Daily\\Backend\\logs\\risedaily_detailed.log')}
2026-02-02 22:14:14,272 - watchfiles.main - DEBUG - 1 change detected: {(<Change.modified: 2>, 'D:\\Personal\\Rise Daily\\Backend\\logs\\risedaily_detailed.log')}
2026-02-02 22:14:14,675 - watchfiles.main - DEBUG - 1 change detected: {(<Change.modified: 2>, 'D:\\Personal\\Rise Daily\\Backend\\logs\\risedaily_detailed.log')}
2026-02-02 22:14:15,082 - watchfiles.main - DEBUG - 1 change detected: {(<Change.modified: 2>, 'D:\\Personal\\Rise Daily\\Backend\\logs\\risedaily_detailed.log')}
2026-02-02 22:14:15,486 - watchfiles.main - DEBUG - 1 change detected: {(<Change.modified: 2>, 'D:\\Personal\\Rise Daily\\Backend\\logs\\risedaily_detailed.log')}
2026-02-02 22:14:15,891 - watchfiles.main - DEBUG - 1 change detected: {(<Change.modified: 2>, 'D:\\Personal\\Rise Daily\\Backend\\logs\\risedaily_detailed.log')}
2026-02-02 22:14:16,292 - watchfiles.main - DEBUG - 1 change detected: {(<Change.modified: 2>, 'D:\\Personal\\Rise Daily\\Backend\\logs\\risedaily_detailed.log')}
2026-02-02 22:14:16,698 - watchfiles.main - DEBUG - 1 change detected: {(<Change.modified: 2>, 'D:\\Personal\\Rise Daily\\Backend\\logs\\risedaily_detailed.log')}
2026-02-02 22:14:17,099 - watchfiles.main - DEBUG - 1 change detected: {(<Change.modified: 2>, 'D:\\Personal\\Rise Daily\\Backend\\logs\\risedaily_detailed.log')}
2026-02-02 22:14:17,502 - watchfiles.main - DEBUG - 1 change detected: {(<Change.modified: 2>, 'D:\\Personal\\Rise Daily\\Backend\\logs\\risedaily_detailed.log')}
2026-02-02 22:14:17,905 - watchfiles.main - DEBUG - 1 change detected: {(<Change.modified: 2>, 'D:\\Personal\\Rise Daily\\Backend\\logs\\risedaily_detailed.log')}
2026-02-02 22:14:18,310 - watchfiles.main - DEBUG - 1 change detected: {(<Change.modified: 2>, 'D:\\Personal\\Rise Daily\\Backend\\logs\\risedaily_detailed.log')}
2026-02-02 22:14:18,667 - watchfiles.main - DEBUG - 1 change detected: {(<Change.modified: 2>, 'D:\\Personal\\Rise Daily\\Backend\\logs\\risedaily_detailed.log')}
2026-02-02 22:14:19,076 - watchfiles.main - DEBUG - 1 change detected: {(<Change.modified: 2>, 'D:\\Personal\\Rise Daily\\Backend\\logs\\risedaily_detailed.log')}
2026-02-02 22:14:19,481 - watchfiles.main - DEBUG - 1 change detected: {(<Change.modified: 2>, 'D:\\Personal\\Rise Daily\\Backend\\logs\\risedaily_detailed.log')}
2026-02-02 22:14:19,886 - watchfiles.main - DEBUG - 1 change detected: {(<Change.modified: 2>, 'D:\\Personal\\Rise Daily\\Backend\\logs\\risedaily_detailed.log')}
2026-02-02 22:14:20,291 - watchfiles.main - DEBUG - 1 change detected: {(<Change.modified: 2>, 'D:\\Personal\\Rise Daily\\Backend\\logs\\risedaily_detailed.log')}
2026-02-02 22:14:20,695 - watchfiles.main - DEBUG - 1 change detected: {(<Change.modified: 2>, 'D:\\Personal\\Rise Daily\\Backend\\logs\\risedaily_detailed.log')}
2026-02-02 22:14:21,096 - watchfiles.main - DEBUG - 1 change detected: {(<Change.modified: 2>, 'D:\\Personal\\Rise Daily\\Backend\\logs\\risedaily_detailed.log')}
2026-02-02 22:14:21,500 - watchfiles.main - DEBUG - 1 change detected: {(<Change.modified: 2>, 'D:\\Personal\\Rise Daily\\Backend\\logs\\risedaily_detailed.log')}
2026-02-02 22:14:21,903 - watchfiles.main - DEBUG - 1 change detected: {(<Change.modified: 2>, 'D:\\Personal\\Rise Daily\\Backend\\logs\\risedaily_detailed.log')}
2026-02-02 22:14:22,307 - watchfiles.main - DEBUG - 1 change detected: {(<Change.modified: 2>, 'D:\\Personal\\Rise Daily\\Backend\\logs\\risedaily_detailed.log')}
2026-02-02 22:14:22,710 - watchfiles.main - DEBUG - 1 change detected: {(<Change.modified: 2>, 'D:\\Personal\\Rise Daily\\Backend\\logs\\risedaily_detailed.log')}
2026-02-02 22:14:23,112 - watchfiles.main - DEBUG - 1 change detected: {(<Change.modified: 2>, 'D:\\Personal\\Rise Daily\\Backend\\logs\\risedaily_detailed.log')}
2026-02-02 22:14:23,477 - watchfiles.main - DEBUG - 1 change detected: {(<Change.modified: 2>, 'D:\\Personal\\Rise Daily\\Backend\\logs\\risedaily_detailed.log')}
2026-02-02 22:14:23,884 - watchfiles.main - DEBUG - 1 change detected: {(<Change.modified: 2>, 'D:\\Personal\\Rise Daily\\Backend\\logs\\risedaily_detailed.log')}
2026-02-02 22:14:24,290 - watchfiles.main - DEBUG - 1 change detected: {(<Change.modified: 2>, 'D:\\Personal\\Rise Daily\\Backend\\logs\\risedaily_detailed.log')}
2026-02-02 22:14:24,696 - watchfiles.main - DEBUG - 1 change detected: {(<Change.modified: 2>, 'D:\\Personal\\Rise Daily\\Backend\\logs\\risedaily_detailed.log')}
2026-02-02 22:14:25,101 - watchfiles.main - DEBUG - 1 change detected: {(<Change.modified: 2>, 'D:\\Personal\\Rise Daily\\Backend\\logs\\risedaily_detailed.log')}
2026-02-02 22:14:25,506 - watchfiles.main - DEBUG - 1 change detected: {(<Change.modified: 2>, 'D:\\Personal\\Rise Daily\\Backend\\logs\\risedaily_detailed.log')}
2026-02-02 22:14:25,909 - watchfiles.main - DEBUG - 1 change detected: {(<Change.modified: 2>, 'D:\\Personal\\Rise Daily\\Backend\\logs\\risedaily_detailed.log')}
2026-02-02 22:14:26,311 - watchfiles.main - DEBUG - 1 change detected: {(<Change.modified: 2>, 'D:\\Personal\\Rise Daily\\Backend\\logs\\risedaily_detailed.log')}
2026-02-02 22:14:26,716 - watchfiles.main - DEBUG - 1 change detected: {(<Change.modified: 2>, 'D:\\Personal\\Rise Daily\\Backend\\logs\\risedaily_detailed.log')}
2026-02-02 22:14:27,120 - watchfiles.main - DEBUG - 1 change detected: {(<Change.modified: 2>, 'D:\\Personal\\Rise Daily\\Backend\\logs\\risedaily_detailed.log')}
2026-02-02 22:14:27,474 - watchfiles.main - DEBUG - 1 change detected: {(<Change.modified: 2>, 'D:\\Personal\\Rise Daily\\Backend\\logs\\risedaily_detailed.log')}
2026-02-02 22:14:27,883 - watchfiles.main - DEBUG - 1 change detected: {(<Change.modified: 2>, 'D:\\Personal\\Rise Daily\\Backend\\logs\\risedaily_detailed.log')}
2026-02-02 22:14:28,291 - watchfiles.main - DEBUG - 1 change detected: {(<Change.modified: 2>, 'D:\\Personal\\Rise Daily\\Backend\\logs\\risedaily_detailed.log')}
2026-02-02 22:14:28,694 - watchfiles.main - DEBUG - 1 change detected: {(<Change.modified: 2>, 'D:\\Personal\\Rise Daily\\Backend\\logs\\risedaily_detailed.log')}
2026-02-02 22:14:29,101 - watchfiles.main - DEBUG - 1 change detected: {(<Change.modified: 2>, 'D:\\Personal\\Rise Daily\\Backend\\logs\\risedaily_detailed.log')}
2026-02-02 22:14:29,504 - watchfiles.main - DEBUG - 1 change detected: {(<Change.modified: 2>, 'D:\\Personal\\Rise Daily\\Backend\\logs\\risedaily_detailed.log')}
2026-02-02 22:14:29,905 - watchfiles.main - DEBUG - 1 change detected: {(<Change.modified: 2>, 'D:\\Personal\\Rise Daily\\Backend\\logs\\risedaily_detailed.log')}
2026-02-02 22:14:30,311 - watchfiles.main - DEBUG - 1 change detected: {(<Change.modified: 2>, 'D:\\Personal\\Rise Daily\\Backend\\logs\\risedaily_detailed.log')}
2026-02-02 22:14:30,714 - watchfiles.main - DEBUG - 1 change detected: {(<Change.modified: 2>, 'D:\\Personal\\Rise Daily\\Backend\\logs\\risedaily_detailed.log')}
2026-02-02 22:14:31,117 - watchfiles.main - DEBUG - 1 change detected: {(<Change.modified: 2>, 'D:\\Personal\\Rise Daily\\Backend\\logs\\risedaily_detailed.log')}
2026-02-02 22:14:31,522 - watchfiles.main - DEBUG - 1 change detected: {(<Change.modified: 2>, 'D:\\Personal\\Rise Daily\\Backend\\logs\\risedaily_detailed.log')}
2026-02-02 22:14:31,924 - watchfiles.main - DEBUG - 1 change detected: {(<Change.modified: 2>, 'D:\\Personal\\Rise Daily\\Backend\\logs\\risedaily_detailed.log')}
2026-02-02 22:14:32,328 - watchfiles.main - DEBUG - 1 change detected: {(<Change.modified: 2>, 'D:\\Personal\\Rise Daily\\Backend\\logs\\risedaily_detailed.log')}
2026-02-02 22:14:32,736 - watchfiles.main - DEBUG - 1 change detected: {(<Change.modified: 2>, 'D:\\Personal\\Rise Daily\\Backend\\logs\\risedaily_detailed.log')}
2026-02-02 22:14:33,140 - watchfiles.main - DEBUG - 1 change detected: {(<Change.modified: 2>, 'D:\\Personal\\Rise Daily\\Backend\\logs\\risedaily_detailed.log')}
2026-02-02 22:14:33,544 - watchfiles.main - DEBUG - 1 change detected: {(<Change.modified: 2>, 'D:\\Personal\\Rise Daily\\Backend\\logs\\risedaily_detailed.log')}
2026-02-02 22:14:33,901 - watchfiles.main - DEBUG - 1 change detected: {(<Change.modified: 2>, 'D:\\Personal\\Rise Daily\\Backend\\logs\\risedaily_detailed.log')}
2026-02-02 22:14:34,311 - watchfiles.main - DEBUG - 1 change detected: {(<Change.modified: 2>, 'D:\\Personal\\Rise Daily\\Backend\\logs\\risedaily_detailed.log')}
2026-02-02 22:14:34,715 - watchfiles.main - DEBUG - 1 change detected: {(<Change.modified: 2>, 'D:\\Personal\\Rise Daily\\Backend\\logs\\risedaily_detailed.log')}
2026-02-02 22:14:35,119 - watchfiles.main - DEBUG - 1 change detected: {(<Change.modified: 2>, 'D:\\Personal\\Rise Daily\\Backend\\logs\\risedaily_detailed.log')}
2026-02-02 22:14:35,522 - watchfiles.main - DEBUG - 1 change detected: {(<Change.modified: 2>, 'D:\\Personal\\Rise Daily\\Backend\\logs\\risedaily_detailed.log')}
2026-02-02 22:14:35,928 - watchfiles.main - DEBUG - 1 change detected: {(<Change.modified: 2>, 'D:\\Personal\\Rise Daily\\Backend\\logs\\risedaily_detailed.log')}
2026-02-02 22:14:36,331 - watchfiles.main - DEBUG - 1 change detected: {(<Change.modified: 2>, 'D:\\Personal\\Rise Daily\\Backend\\logs\\risedaily_detailed.log')}
2026-02-02 22:14:36,733 - watchfiles.main - DEBUG - 1 change detected: {(<Change.modified: 2>, 'D:\\Personal\\Rise Daily\\Backend\\logs\\risedaily_detailed.log')}
2026-02-02 22:14:37,135 - watchfiles.main - DEBUG - 1 change detected: {(<Change.modified: 2>, 'D:\\Personal\\Rise Daily\\Backend\\logs\\risedaily_detailed.log')}
2026-02-02 22:14:37,540 - watchfiles.main - DEBUG - 1 change detected: {(<Change.modified: 2>, 'D:\\Personal\\Rise Daily\\Backend\\logs\\risedaily_detailed.log')}
2026-02-02 22:14:37,944 - watchfiles.main - DEBUG - 1 change detected: {(<Change.modified: 2>, 'D:\\Personal\\Rise Daily\\Backend\\logs\\risedaily_detailed.log')}
2026-02-02 22:14:38,351 - watchfiles.main - DEBUG - 1 change detected: {(<Change.modified: 2>, 'D:\\Personal\\Rise Daily\\Backend\\logs\\risedaily_detailed.log')}
2026-02-02 22:14:38,757 - watchfiles.main - DEBUG - 1 change detected: {(<Change.modified: 2>, 'D:\\Personal\\Rise Daily\\Backend\\logs\\risedaily_detailed.log')}
2026-02-02 22:14:39,122 - watchfiles.main - DEBUG - 1 change detected: {(<Change.modified: 2>, 'D:\\Personal\\Rise Daily\\Backend\\logs\\risedaily_detailed.log')}
2026-02-02 22:14:39,531 - watchfiles.main - DEBUG - 1 change detected: {(<Change.modified: 2>, 'D:\\Personal\\Rise Daily\\Backend\\logs\\risedaily_detailed.log')}
2026-02-02 22:14:39,938 - watchfiles.main - DEBUG - 1 change detected: {(<Change.modified: 2>, 'D:\\Personal\\Rise Daily\\Backend\\logs\\risedaily_detailed.log')}
2026-02-02 22:14:40,340 - watchfiles.main - DEBUG - 1 change detected: {(<Change.modified: 2>, 'D:\\Personal\\Rise Daily\\Backend\\logs\\risedaily_detailed.log')}
2026-02-02 22:14:40,746 - watchfiles.main - DEBUG - 1 change detected: {(<Change.modified: 2>, 'D:\\Personal\\Rise Daily\\Backend\\logs\\risedaily_detailed.log')}
2026-02-02 22:14:41,150 - watchfiles.main - DEBUG - 1 change detected: {(<Change.modified: 2>, 'D:\\Personal\\Rise Daily\\Backend\\logs\\risedaily_detailed.log')}
2026-02-02 22:14:41,556 - watchfiles.main - DEBUG - 1 change detected: {(<Change.modified: 2>, 'D:\\Personal\\Rise Daily\\Backend\\logs\\risedaily_detailed.log')}
2026-02-02 22:14:41,961 - watchfiles.main - DEBUG - 1 change detected: {(<Change.modified: 2>, 'D:\\Personal\\Rise Daily\\Backend\\logs\\risedaily_detailed.log')}
2026-02-02 22:14:42,363 - watchfiles.main - DEBUG - 1 change detected: {(<Change.modified: 2>, 'D:\\Personal\\Rise Daily\\Backend\\logs\\risedaily_detailed.log')}
2026-02-02 22:14:42,770 - watchfiles.main - DEBUG - 1 change detected: {(<Change.modified: 2>, 'D:\\Personal\\Rise Daily\\Backend\\logs\\risedaily_detailed.log')}
2026-02-02 22:14:43,176 - watchfiles.main - DEBUG - 1 change detected: {(<Change.modified: 2>, 'D:\\Personal\\Rise Daily\\Backend\\logs\\risedaily_detailed.log')}
2026-02-02 22:14:43,581 - watchfiles.main - DEBUG - 1 change detected: {(<Change.modified: 2>, 'D:\\Personal\\Rise Daily\\Backend\\logs\\risedaily_detailed.log')}
2026-02-02 22:14:43,987 - watchfiles.main - DEBUG - 1 change detected: {(<Change.modified: 2>, 'D:\\Personal\\Rise Daily\\Backend\\logs\\risedaily_detailed.log')}
2026-02-02 22:14:44,394 - watchfiles.main - DEBUG - 1 change detected: {(<Change.modified: 2>, 'D:\\Personal\\Rise Daily\\Backend\\logs\\risedaily_detailed.log')}
2026-02-02 22:14:44,800 - watchfiles.main - DEBUG - 1 change detected: {(<Change.modified: 2>, 'D:\\Personal\\Rise Daily\\Backend\\logs\\risedaily_detailed.log')}
2026-02-02 22:14:45,205 - watchfiles.main - DEBUG - 1 change detected: {(<Change.modified: 2>, 'D:\\Personal\\Rise Daily\\Backend\\logs\\risedaily_detailed.log')}
2026-02-02 22:14:45,609 - watchfiles.main - DEBUG - 1 change detected: {(<Change.modified: 2>, 'D:\\Personal\\Rise Daily\\Backend\\logs\\risedaily_detailed.log')}
2026-02-02 22:14:46,015 - watchfiles.main - DEBUG - 1 change detected: {(<Change.modified: 2>, 'D:\\Personal\\Rise Daily\\Backend\\logs\\risedaily_detailed.log')}
2026-02-02 22:14:46,419 - watchfiles.main - DEBUG - 1 change detected: {(<Change.modified: 2>, 'D:\\Personal\\Rise Daily\\Backend\\logs\\risedaily_detailed.log')}
2026-02-02 22:14:46,822 - watchfiles.main - DEBUG - 1 change detected: {(<Change.modified: 2>, 'D:\\Personal\\Rise Daily\\Backend\\logs\\risedaily_detailed.log')}
2026-02-02 22:14:47,225 - watchfiles.main - DEBUG - 1 change detected: {(<Change.modified: 2>, 'D:\\Personal\\Rise Daily\\Backend\\logs\\risedaily_detailed.log')}
2026-02-02 22:14:47,627 - watchfiles.main - DEBUG - 1 change detected: {(<Change.modified: 2>, 'D:\\Personal\\Rise Daily\\Backend\\logs\\risedaily_detailed.log')}
2026-02-02 22:14:48,031 - watchfiles.main - DEBUG - 1 change detected: {(<Change.modified: 2>, 'D:\\Personal\\Rise Daily\\Backend\\logs\\risedaily_detailed.log')}
2026-02-02 22:14:48,434 - watchfiles.main - DEBUG - 1 change detected: {(<Change.modified: 2>, 'D:\\Personal\\Rise Daily\\Backend\\logs\\risedaily_detailed.log')}
2026-02-02 22:14:48,837 - watchfiles.main - DEBUG - 1 change detected: {(<Change.modified: 2>, 'D:\\Personal\\Rise Daily\\Backend\\logs\\risedaily_detailed.log')}
2026-02-02 22:14:49,243 - watchfiles.main - DEBUG - 1 change detected: {(<Change.modified: 2>, 'D:\\Personal\\Rise Daily\\Backend\\logs\\risedaily_detailed.log')}
2026-02-02 22:14:49,649 - watchfiles.main - DEBUG - 1 change detected: {(<Change.modified: 2>, 'D:\\Personal\\Rise Daily\\Backend\\logs\\risedaily_detailed.log')}
2026-02-02 22:14:50,053 - watchfiles.main - DEBUG - 1 change detected: {(<Change.modified: 2>, 'D:\\Personal\\Rise Daily\\Backend\\logs\\risedaily_detailed.log')}
2026-02-02 22:14:50,458 - watchfiles.main - DEBUG - 1 change detected: {(<Change.modified: 2>, 'D:\\Personal\\Rise Daily\\Backend\\logs\\risedaily_detailed.log')}
2026-02-02 22:14:50,864 - watchfiles.main - DEBUG - 1 change detected: {(<Change.modified: 2>, 'D:\\Personal\\Rise Daily\\Backend\\logs\\risedaily_detailed.log')}
2026-02-02 22:14:51,270 - watchfiles.main - DEBUG - 1 change detected: {(<Change.modified: 2>, 'D:\\Personal\\Rise Daily\\Backend\\logs\\risedaily_detailed.log')}
2026-02-02 22:14:51,672 - watchfiles.main - DEBUG - 1 change detected: {(<Change.modified: 2>, 'D:\\Personal\\Rise Daily\\Backend\\logs\\risedaily_detailed.log')}
2026-02-02 22:14:52,078 - watchfiles.main - DEBUG - 1 change detected: {(<Change.modified: 2>, 'D:\\Personal\\Rise Daily\\Backend\\logs\\risedaily_detailed.log')}
2026-02-02 22:14:52,482 - watchfiles.main - DEBUG - 1 change detected: {(<Change.modified: 2>, 'D:\\Personal\\Rise Daily\\Backend\\logs\\risedaily_detailed.log')}
2026-02-02 22:14:52,886 - watchfiles.main - DEBUG - 1 change detected: {(<Change.modified: 2>, 'D:\\Personal\\Rise Daily\\Backend\\logs\\risedaily_detailed.log')}
2026-02-02 22:14:53,292 - watchfiles.main - DEBUG - 1 change detected: {(<Change.modified: 2>, 'D:\\Personal\\Rise Daily\\Backend\\logs\\risedaily_detailed.log')}
2026-02-02 22:14:53,695 - watchfiles.main - DEBUG - 1 change detected: {(<Change.modified: 2>, 'D:\\Personal\\Rise Daily\\Backend\\logs\\risedaily_detailed.log')}
2026-02-02 22:14:54,098 - watchfiles.main - DEBUG - 1 change detected: {(<Change.modified: 2>, 'D:\\Personal\\Rise Daily\\Backend\\logs\\risedaily_detailed.log')}
2026-02-02 22:14:54,503 - watchfiles.main - DEBUG - 1 change detected: {(<Change.modified: 2>, 'D:\\Personal\\Rise Daily\\Backend\\logs\\risedaily_detailed.log')}
2026-02-02 22:14:54,906 - watchfiles.main - DEBUG - 1 change detected: {(<Change.modified: 2>, 'D:\\Personal\\Rise Daily\\Backend\\logs\\risedaily_detailed.log')}
2026-02-02 22:14:55,312 - watchfiles.main - DEBUG - 1 change detected: {(<Change.modified: 2>, 'D:\\Personal\\Rise Daily\\Backend\\logs\\risedaily_detailed.log')}
2026-02-02 22:14:55,717 - watchfiles.main - DEBUG - 1 change detected: {(<Change.modified: 2>, 'D:\\Personal\\Rise Daily\\Backend\\logs\\risedaily_detailed.log')}
2026-02-02 22:14:56,124 - watchfiles.main - DEBUG - 1 change detected: {(<Change.modified: 2>, 'D:\\Personal\\Rise Daily\\Backend\\logs\\risedaily_detailed.log')}
2026-02-02 22:14:56,529 - watchfiles.main - DEBUG - 1 change detected: {(<Change.modified: 2>, 'D:\\Personal\\Rise Daily\\Backend\\logs\\risedaily_detailed.log')}
2026-02-02 22:14:56,931 - watchfiles.main - DEBUG - 1 change detected: {(<Change.modified: 2>, 'D:\\Personal\\Rise Daily\\Backend\\logs\\risedaily_detailed.log')}
2026-02-02 22:14:57,336 - watchfiles.main - DEBUG - 1 change detected: {(<Change.modified: 2>, 'D:\\Personal\\Rise Daily\\Backend\\logs\\risedaily_detailed.log')}
2026-02-02 22:14:57,741 - watchfiles.main - DEBUG - 1 change detected: {(<Change.modified: 2>, 'D:\\Personal\\Rise Daily\\Backend\\logs\\risedaily_detailed.log')}
2026-02-02 22:14:58,146 - watchfiles.main - DEBUG - 1 change detected: {(<Change.modified: 2>, 'D:\\Personal\\Rise Daily\\Backend\\logs\\risedaily_detailed.log')}
2026-02-02 22:14:58,552 - watchfiles.main - DEBUG - 1 change detected: {(<Change.modified: 2>, 'D:\\Personal\\Rise Daily\\Backend\\logs\\risedaily_detailed.log')}
2026-02-02 22:14:58,955 - watchfiles.main - DEBUG - 1 change detected: {(<Change.modified: 2>, 'D:\\Personal\\Rise Daily\\Backend\\logs\\risedaily_detailed.log')}
2026-02-02 22:14:59,361 - watchfiles.main - DEBUG - 1 change detected: {(<Change.modified: 2>, 'D:\\Personal\\Rise Daily\\Backend\\logs\\risedaily_detailed.log')}
2026-02-02 22:14:59,766 - watchfiles.main - DEBUG - 1 change detected: {(<Change.modified: 2>, 'D:\\Personal\\Rise Daily\\Backend\\logs\\risedaily_detailed.log')}
2026-02-02 22:15:00,171 - watchfiles.main - DEBUG - 1 change detected: {(<Change.modified: 2>, 'D:\\Personal\\Rise Daily\\Backend\\logs\\risedaily_detailed.log')}
2026-02-02 22:15:00,534 - watchfiles.main - DEBUG - 1 change detected: {(<Change.modified: 2>, 'D:\\Personal\\Rise Daily\\Backend\\logs\\risedaily_detailed.log')}
2026-02-02 22:15:00,940 - watchfiles.main - DEBUG - 1 change detected: {(<Change.modified: 2>, 'D:\\Personal\\Rise Daily\\Backend\\logs\\risedaily_detailed.log')}
2026-02-02 22:15:01,345 - watchfiles.main - DEBUG - 1 change detected: {(<Change.modified: 2>, 'D:\\Personal\\Rise Daily\\Backend\\logs\\risedaily_detailed.log')}
2026-02-02 22:15:01,748 - watchfiles.main - DEBUG - 1 change detected: {(<Change.modified: 2>, 'D:\\Personal\\Rise Daily\\Backend\\logs\\risedaily_detailed.log')}
2026-02-02 22:15:02,151 - watchfiles.main - DEBUG - 1 change detected: {(<Change.modified: 2>, 'D:\\Personal\\Rise Daily\\Backend\\logs\\risedaily_detailed.log')}
2026-02-02 22:15:02,556 - watchfiles.main - DEBUG - 1 change detected: {(<Change.modified: 2>, 'D:\\Personal\\Rise Daily\\Backend\\logs\\risedaily_detailed.log')}
2026-02-02 22:15:03,010 - watchfiles.main - DEBUG - 1 change detected: {(<Change.modified: 2>, 'D:\\Personal\\Rise Daily\\Backend\\logs\\risedaily_detailed.log')}
2026-02-02 22:15:03,362 - watchfiles.main - DEBUG - 1 change detected: {(<Change.modified: 2>, 'D:\\Personal\\Rise Daily\\Backend\\logs\\risedaily_detailed.log')}
2026-02-02 22:15:03,772 - watchfiles.main - DEBUG - 1 change detected: {(<Change.modified: 2>, 'D:\\Personal\\Rise Daily\\Backend\\logs\\risedaily_detailed.log')}
2026-02-02 22:15:04,176 - watchfiles.main - DEBUG - 1 change detected: {(<Change.modified: 2>, 'D:\\Personal\\Rise Daily\\Backend\\logs\\risedaily_detailed.log')}
2026-02-02 22:15:04,581 - watchfiles.main - DEBUG - 1 change detected: {(<Change.modified: 2>, 'D:\\Personal\\Rise Daily\\Backend\\logs\\risedaily_detailed.log')}
2026-02-02 22:15:04,985 - watchfiles.main - DEBUG - 1 change detected: {(<Change.modified: 2>, 'D:\\Personal\\Rise Daily\\Backend\\logs\\risedaily_detailed.log')}
2026-02-02 22:15:05,388 - watchfiles.main - DEBUG - 1 change detected: {(<Change.modified: 2>, 'D:\\Personal\\Rise Daily\\Backend\\logs\\risedaily_detailed.log')}
2026-02-02 22:15:05,792 - watchfiles.main - DEBUG - 1 change detected: {(<Change.modified: 2>, 'D:\\Personal\\Rise Daily\\Backend\\logs\\risedaily_detailed.log')}
2026-02-02 22:15:06,196 - watchfiles.main - DEBUG - 1 change detected: {(<Change.modified: 2>, 'D:\\Personal\\Rise Daily\\Backend\\logs\\risedaily_detailed.log')}
2026-02-02 22:15:06,598 - watchfiles.main - DEBUG - 1 change detected: {(<Change.modified: 2>, 'D:\\Personal\\Rise Daily\\Backend\\logs\\risedaily_detailed.log')}
2026-02-02 22:15:07,015 - watchfiles.main - DEBUG - 1 change detected: {(<Change.modified: 2>, 'D:\\Personal\\Rise Daily\\Backend\\logs\\risedaily_detailed.log')}
2026-02-02 22:15:07,379 - watchfiles.main - DEBUG - 1 change detected: {(<Change.modified: 2>, 'D:\\Personal\\Rise Daily\\Backend\\logs\\risedaily_detailed.log')}
2026-02-02 22:15:07,787 - watchfiles.main - DEBUG - 1 change detected: {(<Change.modified: 2>, 'D:\\Personal\\Rise Daily\\Backend\\logs\\risedaily_detailed.log')}
2026-02-02 22:15:08,190 - watchfiles.main - DEBUG - 1 change detected: {(<Change.modified: 2>, 'D:\\Personal\\Rise Daily\\Backend\\logs\\risedaily_detailed.log')}
2026-02-02 22:15:08,595 - watchfiles.main - DEBUG - 1 change detected: {(<Change.modified: 2>, 'D:\\Personal\\Rise Daily\\Backend\\logs\\risedaily_detailed.log')}
2026-02-02 22:15:08,996 - watchfiles.main - DEBUG - 1 change detected: {(<Change.modified: 2>, 'D:\\Personal\\Rise Daily\\Backend\\logs\\risedaily_detailed.log')}
2026-02-02 22:15:09,413 - watchfiles.main - DEBUG - 1 change detected: {(<Change.modified: 2>, 'D:\\Personal\\Rise Daily\\Backend\\logs\\risedaily_detailed.log')}
2026-02-02 22:15:09,829 - watchfiles.main - DEBUG - 1 change detected: {(<Change.modified: 2>, 'D:\\Personal\\Rise Daily\\Backend\\logs\\risedaily_detailed.log')}
2026-02-02 22:15:10,194 - watchfiles.main - DEBUG - 1 change detected: {(<Change.modified: 2>, 'D:\\Personal\\Rise Daily\\Backend\\logs\\risedaily_detailed.log')}
2026-02-02 22:15:10,599 - watchfiles.main - DEBUG - 1 change detected: {(<Change.modified: 2>, 'D:\\Personal\\Rise Daily\\Backend\\logs\\risedaily_detailed.log')}
2026-02-02 22:15:11,003 - watchfiles.main - DEBUG - 1 change detected: {(<Change.modified: 2>, 'D:\\Personal\\Rise Daily\\Backend\\logs\\risedaily_detailed.log')}
2026-02-02 22:15:11,417 - watchfiles.main - DEBUG - 1 change detected: {(<Change.modified: 2>, 'D:\\Personal\\Rise Daily\\Backend\\logs\\risedaily_detailed.log')}
2026-02-02 22:15:11,833 - watchfiles.main - DEBUG - 1 change detected: {(<Change.modified: 2>, 'D:\\Personal\\Rise Daily\\Backend\\logs\\risedaily_detailed.log')}
2026-02-02 22:15:12,238 - watchfiles.main - DEBUG - 1 change detected: {(<Change.modified: 2>, 'D:\\Personal\\Rise Daily\\Backend\\logs\\risedaily_detailed.log')}
2026-02-02 22:15:12,639 - watchfiles.main - DEBUG - 1 change detected: {(<Change.modified: 2>, 'D:\\Personal\\Rise Daily\\Backend\\logs\\risedaily_detailed.log')}
2026-02-02 22:15:13,042 - watchfiles.main - DEBUG - 1 change detected: {(<Change.modified: 2>, 'D:\\Personal\\Rise Daily\\Backend\\logs\\risedaily_detailed.log')}
2026-02-02 22:15:13,443 - watchfiles.main - DEBUG - 1 change detected: {(<Change.modified: 2>, 'D:\\Personal\\Rise Daily\\Backend\\logs\\risedaily_detailed.log')}
2026-02-02 22:15:13,847 - watchfiles.main - DEBUG - 1 change detected: {(<Change.modified: 2>, 'D:\\Personal\\Rise Daily\\Backend\\logs\\risedaily_detailed.log')}
2026-02-02 22:15:14,253 - watchfiles.main - DEBUG - 1 change detected: {(<Change.modified: 2>, 'D:\\Personal\\Rise Daily\\Backend\\logs\\risedaily_detailed.log')}
2026-02-02 22:15:14,656 - watchfiles.main - DEBUG - 1 change detected: {(<Change.modified: 2>, 'D:\\Personal\\Rise Daily\\Backend\\logs\\risedaily_detailed.log')}
2026-02-02 22:15:15,062 - watchfiles.main - DEBUG - 1 change detected: {(<Change.modified: 2>, 'D:\\Personal\\Rise Daily\\Backend\\logs\\risedaily_detailed.log')}
2026-02-02 22:15:15,467 - watchfiles.main - DEBUG - 1 change detected: {(<Change.modified: 2>, 'D:\\Personal\\Rise Daily\\Backend\\logs\\risedaily_detailed.log')}
2026-02-02 22:15:15,873 - watchfiles.main - DEBUG - 1 change detected: {(<Change.modified: 2>, 'D:\\Personal\\Rise Daily\\Backend\\logs\\risedaily_detailed.log')}
2026-02-02 22:15:16,227 - watchfiles.main - DEBUG - 1 change detected: {(<Change.modified: 2>, 'D:\\Personal\\Rise Daily\\Backend\\logs\\risedaily_detailed.log')}
2026-02-02 22:15:16,633 - watchfiles.main - DEBUG - 1 change detected: {(<Change.modified: 2>, 'D:\\Personal\\Rise Daily\\Backend\\logs\\risedaily_detailed.log')}
2026-02-02 22:15:17,049 - watchfiles.main - DEBUG - 1 change detected: {(<Change.modified: 2>, 'D:\\Personal\\Rise Daily\\Backend\\logs\\risedaily_detailed.log')}
2026-02-02 22:15:17,454 - watchfiles.main - DEBUG - 1 change detected: {(<Change.modified: 2>, 'D:\\Personal\\Rise Daily\\Backend\\logs\\risedaily_detailed.log')}
2026-02-02 22:15:17,862 - watchfiles.main - DEBUG - 1 change detected: {(<Change.modified: 2>, 'D:\\Personal\\Rise Daily\\Backend\\logs\\risedaily_detailed.log')}
2026-02-02 22:15:18,267 - watchfiles.main - DEBUG - 1 change detected: {(<Change.modified: 2>, 'D:\\Personal\\Rise Daily\\Backend\\logs\\risedaily_detailed.log')}
2026-02-02 22:15:18,672 - watchfiles.main - DEBUG - 1 change detected: {(<Change.modified: 2>, 'D:\\Personal\\Rise Daily\\Backend\\logs\\risedaily_detailed.log')}
2026-02-02 22:15:19,078 - watchfiles.main - DEBUG - 1 change detected: {(<Change.modified: 2>, 'D:\\Personal\\Rise Daily\\Backend\\logs\\risedaily_detailed.log')}
2026-02-02 22:15:19,481 - watchfiles.main - DEBUG - 1 change detected: {(<Change.modified: 2>, 'D:\\Personal\\Rise Daily\\Backend\\logs\\risedaily_detailed.log')}
2026-02-02 22:15:19,884 - watchfiles.main - DEBUG - 1 change detected: {(<Change.modified: 2>, 'D:\\Personal\\Rise Daily\\Backend\\logs\\risedaily_detailed.log')}
2026-02-02 22:15:20,288 - watchfiles.main - DEBUG - 1 change detected: {(<Change.modified: 2>, 'D:\\Personal\\Rise Daily\\Backend\\logs\\risedaily_detailed.log')}
2026-02-02 22:15:20,692 - watchfiles.main - DEBUG - 1 change detected: {(<Change.modified: 2>, 'D:\\Personal\\Rise Daily\\Backend\\logs\\risedaily_detailed.log')}
2026-02-02 22:15:21,050 - watchfiles.main - DEBUG - 1 change detected: {(<Change.modified: 2>, 'D:\\Personal\\Rise Daily\\Backend\\logs\\risedaily_detailed.log')}
2026-02-02 22:15:21,460 - watchfiles.main - DEBUG - 1 change detected: {(<Change.modified: 2>, 'D:\\Personal\\Rise Daily\\Backend\\logs\\risedaily_detailed.log')}
2026-02-02 22:15:21,862 - watchfiles.main - DEBUG - 1 change detected: {(<Change.modified: 2>, 'D:\\Personal\\Rise Daily\\Backend\\logs\\risedaily_detailed.log')}
2026-02-02 22:15:22,277 - watchfiles.main - DEBUG - 1 change detected: {(<Change.modified: 2>, 'D:\\Personal\\Rise Daily\\Backend\\logs\\risedaily_detailed.log')}
2026-02-02 22:15:22,680 - watchfiles.main - DEBUG - 1 change detected: {(<Change.modified: 2>, 'D:\\Personal\\Rise Daily\\Backend\\logs\\risedaily_detailed.log')}
2026-02-02 22:15:23,085 - watchfiles.main - DEBUG - 1 change detected: {(<Change.modified: 2>, 'D:\\Personal\\Rise Daily\\Backend\\logs\\risedaily_detailed.log')}
2026-02-02 22:15:23,438 - watchfiles.main - DEBUG - 1 change detected: {(<Change.modified: 2>, 'D:\\Personal\\Rise Daily\\Backend\\logs\\risedaily_detailed.log')}
2026-02-02 22:15:23,846 - watchfiles.main - DEBUG - 1 change detected: {(<Change.modified: 2>, 'D:\\Personal\\Rise Daily\\Backend\\logs\\risedaily_detailed.log')}
2026-02-02 22:15:24,248 - watchfiles.main - DEBUG - 1 change detected: {(<Change.modified: 2>, 'D:\\Personal\\Rise Daily\\Backend\\logs\\risedaily_detailed.log')}
2026-02-02 22:15:24,653 - watchfiles.main - DEBUG - 1 change detected: {(<Change.modified: 2>, 'D:\\Personal\\Rise Daily\\Backend\\logs\\risedaily_detailed.log')}
2026-02-02 22:15:25,057 - watchfiles.main - DEBUG - 1 change detected: {(<Change.modified: 2>, 'D:\\Personal\\Rise Daily\\Backend\\logs\\risedaily_detailed.log')}
2026-02-02 22:15:25,459 - watchfiles.main - DEBUG - 1 change detected: {(<Change.modified: 2>, 'D:\\Personal\\Rise Daily\\Backend\\logs\\risedaily_detailed.log')}
2026-02-02 22:15:25,865 - watchfiles.main - DEBUG - 1 change detected: {(<Change.modified: 2>, 'D:\\Personal\\Rise Daily\\Backend\\logs\\risedaily_detailed.log')}
2026-02-02 22:15:26,270 - watchfiles.main - DEBUG - 1 change detected: {(<Change.modified: 2>, 'D:\\Personal\\Rise Daily\\Backend\\logs\\risedaily_detailed.log')}
2026-02-02 22:15:26,674 - watchfiles.main - DEBUG - 1 change detected: {(<Change.modified: 2>, 'D:\\Personal\\Rise Daily\\Backend\\logs\\risedaily_detailed.log')}
2026-02-02 22:15:27,076 - watchfiles.main - DEBUG - 1 change detected: {(<Change.modified: 2>, 'D:\\Personal\\Rise Daily\\Backend\\logs\\risedaily_detailed.log')}
2026-02-02 22:15:27,481 - watchfiles.main - DEBUG - 1 change detected: {(<Change.modified: 2>, 'D:\\Personal\\Rise Daily\\Backend\\logs\\risedaily_detailed.log')}
2026-02-02 22:15:27,894 - watchfiles.main - DEBUG - 1 change detected: {(<Change.modified: 2>, 'D:\\Personal\\Rise Daily\\Backend\\logs\\risedaily_detailed.log')}
2026-02-02 22:15:28,306 - watchfiles.main - DEBUG - 1 change detected: {(<Change.modified: 2>, 'D:\\Personal\\Rise Daily\\Backend\\logs\\risedaily_detailed.log')}
2026-02-02 22:15:28,711 - watchfiles.main - DEBUG - 1 change detected: {(<Change.modified: 2>, 'D:\\Personal\\Rise Daily\\Backend\\logs\\risedaily_detailed.log')}
2026-02-02 22:15:29,116 - watchfiles.main - DEBUG - 1 change detected: {(<Change.modified: 2>, 'D:\\Personal\\Rise Daily\\Backend\\logs\\risedaily_detailed.log')}
2026-02-02 22:15:29,520 - watchfiles.main - DEBUG - 1 change detected: {(<Change.modified: 2>, 'D:\\Personal\\Rise Daily\\Backend\\logs\\risedaily_detailed.log')}
2026-02-02 22:15:29,925 - watchfiles.main - DEBUG - 1 change detected: {(<Change.modified: 2>, 'D:\\Personal\\Rise Daily\\Backend\\logs\\risedaily_detailed.log')}
2026-02-02 22:15:30,329 - watchfiles.main - DEBUG - 1 change detected: {(<Change.modified: 2>, 'D:\\Personal\\Rise Daily\\Backend\\logs\\risedaily_detailed.log')}
2026-02-02 22:15:30,733 - watchfiles.main - DEBUG - 1 change detected: {(<Change.modified: 2>, 'D:\\Personal\\Rise Daily\\Backend\\logs\\risedaily_detailed.log')}
2026-02-02 22:15:31,141 - watchfiles.main - DEBUG - 5 changes detected: {(<Change.added: 1>, 'D:\\Personal\\Rise Daily\\Backend\\.git\\objects\\maintenance.lock'), (<Change.modified: 2>, 'D:\\Personal\\Rise Daily\\Backend\\.git\\objects'), (<Change.modified: 2>, 'D:\\Personal\\Rise Daily\\Backend\\logs\\risedaily_detailed.log'), (<Change.modified: 2>, 'D:\\Personal\\Rise Daily\\Backend\\.git\\FETCH_HEAD'), (<Change.deleted: 3>, 'D:\\Personal\\Rise Daily\\Backend\\.git\\objects\\maintenance.lock')}
2026-02-02 22:15:31,542 - watchfiles.main - DEBUG - 1 change detected: {(<Change.modified: 2>, 'D:\\Personal\\Rise Daily\\Backend\\logs\\risedaily_detailed.log')}
2026-02-02 22:15:31,896 - watchfiles.main - DEBUG - 1 change detected: {(<Change.modified: 2>, 'D:\\Personal\\Rise Daily\\Backend\\logs\\risedaily_detailed.log')}
2026-02-02 22:15:32,305 - watchfiles.main - DEBUG - 1 change detected: {(<Change.modified: 2>, 'D:\\Personal\\Rise Daily\\Backend\\logs\\risedaily_detailed.log')}
2026-02-02 22:15:32,714 - watchfiles.main - DEBUG - 1 change detected: {(<Change.modified: 2>, 'D:\\Personal\\Rise Daily\\Backend\\logs\\risedaily_detailed.log')}
2026-02-02 22:15:33,118 - watchfiles.main - DEBUG - 1 change detected: {(<Change.modified: 2>, 'D:\\Personal\\Rise Daily\\Backend\\logs\\risedaily_detailed.log')}
2026-02-02 22:15:33,527 - watchfiles.main - DEBUG - 1 change detected: {(<Change.modified: 2>, 'D:\\Personal\\Rise Daily\\Backend\\logs\\risedaily_detailed.log')}
2026-02-02 22:15:33,929 - watchfiles.main - DEBUG - 1 change detected: {(<Change.modified: 2>, 'D:\\Personal\\Rise Daily\\Backend\\logs\\risedaily_detailed.log')}
2026-02-02 22:15:34,335 - watchfiles.main - DEBUG - 1 change detected: {(<Change.modified: 2>, 'D:\\Personal\\Rise Daily\\Backend\\logs\\risedaily_detailed.log')}
2026-02-02 22:15:34,787 - watchfiles.main - DEBUG - 1 change detected: {(<Change.modified: 2>, 'D:\\Personal\\Rise Daily\\Backend\\logs\\risedaily_detailed.log')}
2026-02-02 22:15:35,140 - watchfiles.main - DEBUG - 1 change detected: {(<Change.modified: 2>, 'D:\\Personal\\Rise Daily\\Backend\\logs\\risedaily_detailed.log')}
2026-02-02 22:15:35,548 - watchfiles.main - DEBUG - 1 change detected: {(<Change.modified: 2>, 'D:\\Personal\\Rise Daily\\Backend\\logs\\risedaily_detailed.log')}
2026-02-02 22:15:35,952 - watchfiles.main - DEBUG - 1 change detected: {(<Change.modified: 2>, 'D:\\Personal\\Rise Daily\\Backend\\logs\\risedaily_detailed.log')}
2026-02-02 22:15:36,358 - watchfiles.main - DEBUG - 1 change detected: {(<Change.modified: 2>, 'D:\\Personal\\Rise Daily\\Backend\\logs\\risedaily_detailed.log')}
2026-02-02 22:15:36,763 - watchfiles.main - DEBUG - 1 change detected: {(<Change.modified: 2>, 'D:\\Personal\\Rise Daily\\Backend\\logs\\risedaily_detailed.log')}
2026-02-02 22:15:37,166 - watchfiles.main - DEBUG - 1 change detected: {(<Change.modified: 2>, 'D:\\Personal\\Rise Daily\\Backend\\logs\\risedaily_detailed.log')}
2026-02-02 22:15:37,571 - watchfiles.main - DEBUG - 1 change detected: {(<Change.modified: 2>, 'D:\\Personal\\Rise Daily\\Backend\\logs\\risedaily_detailed.log')}
2026-02-02 22:15:37,976 - watchfiles.main - DEBUG - 1 change detected: {(<Change.modified: 2>, 'D:\\Personal\\Rise Daily\\Backend\\logs\\risedaily_detailed.log')}
2026-02-02 22:15:38,330 - watchfiles.main - DEBUG - 1 change detected: {(<Change.modified: 2>, 'D:\\Personal\\Rise Daily\\Backend\\docker-compose.yaml')}
2026-02-02 22:15:38,687 - watchfiles.main - DEBUG - 1 change detected: {(<Change.modified: 2>, 'D:\\Personal\\Rise Daily\\Backend\\logs\\risedaily_detailed.log')}
2026-02-02 22:15:39,046 - watchfiles.main - DEBUG - 1 change detected: {(<Change.modified: 2>, 'D:\\Personal\\Rise Daily\\Backend\\logs\\risedaily_detailed.log')}
2026-02-02 22:15:39,407 - watchfiles.main - DEBUG - 1 change detected: {(<Change.modified: 2>, 'D:\\Personal\\Rise Daily\\Backend\\logs\\risedaily_detailed.log')}
2026-02-02 22:15:39,765 - watchfiles.main - DEBUG - 1 change detected: {(<Change.modified: 2>, 'D:\\Personal\\Rise Daily\\Backend\\logs\\risedaily_detailed.log')}
2026-02-02 22:15:40,172 - watchfiles.main - DEBUG - 1 change detected: {(<Change.modified: 2>, 'D:\\Personal\\Rise Daily\\Backend\\logs\\risedaily_detailed.log')}
2026-02-02 22:15:40,588 - watchfiles.main - DEBUG - 1 change detected: {(<Change.modified: 2>, 'D:\\Personal\\Rise Daily\\Backend\\logs\\risedaily_detailed.log')}
2026-02-02 22:15:41,003 - watchfiles.main - DEBUG - 1 change detected: {(<Change.modified: 2>, 'D:\\Personal\\Rise Daily\\Backend\\logs\\risedaily_detailed.log')}
2026-02-02 22:15:41,407 - watchfiles.main - DEBUG - 1 change detected: {(<Change.modified: 2>, 'D:\\Personal\\Rise Daily\\Backend\\logs\\risedaily_detailed.log')}
2026-02-02 22:15:41,812 - watchfiles.main - DEBUG - 1 change detected: {(<Change.modified: 2>, 'D:\\Personal\\Rise Daily\\Backend\\logs\\risedaily_detailed.log')}
2026-02-02 22:15:42,215 - watchfiles.main - DEBUG - 1 change detected: {(<Change.modified: 2>, 'D:\\Personal\\Rise Daily\\Backend\\logs\\risedaily_detailed.log')}
2026-02-02 22:15:42,620 - watchfiles.main - DEBUG - 1 change detected: {(<Change.modified: 2>, 'D:\\Personal\\Rise Daily\\Backend\\logs\\risedaily_detailed.log')}
2026-02-02 22:15:43,024 - watchfiles.main - DEBUG - 1 change detected: {(<Change.modified: 2>, 'D:\\Personal\\Rise Daily\\Backend\\logs\\risedaily_detailed.log')}
2026-02-02 22:15:43,427 - watchfiles.main - DEBUG - 1 change detected: {(<Change.modified: 2>, 'D:\\Personal\\Rise Daily\\Backend\\logs\\risedaily_detailed.log')}
2026-02-02 22:15:43,833 - watchfiles.main - DEBUG - 1 change detected: {(<Change.modified: 2>, 'D:\\Personal\\Rise Daily\\Backend\\logs\\risedaily_detailed.log')}
2026-02-02 22:15:44,239 - watchfiles.main - DEBUG - 1 change detected: {(<Change.modified: 2>, 'D:\\Personal\\Rise Daily\\Backend\\logs\\risedaily_detailed.log')}
2026-02-02 22:15:44,605 - watchfiles.main - DEBUG - 1 change detected: {(<Change.modified: 2>, 'D:\\Personal\\Rise Daily\\Backend\\logs\\risedaily_detailed.log')}
2026-02-02 22:15:45,011 - watchfiles.main - DEBUG - 1 change detected: {(<Change.modified: 2>, 'D:\\Personal\\Rise Daily\\Backend\\logs\\risedaily_detailed.log')}
2026-02-02 22:15:45,416 - watchfiles.main - DEBUG - 1 change detected: {(<Change.modified: 2>, 'D:\\Personal\\Rise Daily\\Backend\\logs\\risedaily_detailed.log')}
2026-02-02 22:15:45,820 - watchfiles.main - DEBUG - 1 change detected: {(<Change.modified: 2>, 'D:\\Personal\\Rise Daily\\Backend\\logs\\risedaily_detailed.log')}
2026-02-02 22:15:46,224 - watchfiles.main - DEBUG - 1 change detected: {(<Change.modified: 2>, 'D:\\Personal\\Rise Daily\\Backend\\logs\\risedaily_detailed.log')}
2026-02-02 22:15:46,630 - watchfiles.main - DEBUG - 1 change detected: {(<Change.modified: 2>, 'D:\\Personal\\Rise Daily\\Backend\\logs\\risedaily_detailed.log')}
2026-02-02 22:15:47,032 - watchfiles.main - DEBUG - 1 change detected: {(<Change.modified: 2>, 'D:\\Personal\\Rise Daily\\Backend\\logs\\risedaily_detailed.log')}
2026-02-02 22:15:47,437 - watchfiles.main - DEBUG - 1 change detected: {(<Change.modified: 2>, 'D:\\Personal\\Rise Daily\\Backend\\logs\\risedaily_detailed.log')}
2026-02-02 22:15:47,842 - watchfiles.main - DEBUG - 1 change detected: {(<Change.modified: 2>, 'D:\\Personal\\Rise Daily\\Backend\\logs\\risedaily_detailed.log')}
2026-02-02 22:15:48,247 - watchfiles.main - DEBUG - 1 change detected: {(<Change.modified: 2>, 'D:\\Personal\\Rise Daily\\Backend\\logs\\risedaily_detailed.log')}
2026-02-02 22:15:48,651 - watchfiles.main - DEBUG - 1 change detected: {(<Change.modified: 2>, 'D:\\Personal\\Rise Daily\\Backend\\logs\\risedaily_detailed.log')}
2026-02-02 22:15:49,056 - watchfiles.main - DEBUG - 1 change detected: {(<Change.modified: 2>, 'D:\\Personal\\Rise Daily\\Backend\\logs\\risedaily_detailed.log')}
2026-02-02 22:15:49,460 - watchfiles.main - DEBUG - 1 change detected: {(<Change.modified: 2>, 'D:\\Personal\\Rise Daily\\Backend\\logs\\risedaily_detailed.log')}
2026-02-02 22:15:49,864 - watchfiles.main - DEBUG - 1 change detected: {(<Change.modified: 2>, 'D:\\Personal\\Rise Daily\\Backend\\logs\\risedaily_detailed.log')}
2026-02-02 22:15:50,269 - watchfiles.main - DEBUG - 1 change detected: {(<Change.modified: 2>, 'D:\\Personal\\Rise Daily\\Backend\\logs\\risedaily_detailed.log')}
2026-02-02 22:15:50,673 - watchfiles.main - DEBUG - 1 change detected: {(<Change.modified: 2>, 'D:\\Personal\\Rise Daily\\Backend\\logs\\risedaily_detailed.log')}
2026-02-02 22:15:51,078 - watchfiles.main - DEBUG - 1 change detected: {(<Change.modified: 2>, 'D:\\Personal\\Rise Daily\\Backend\\logs\\risedaily_detailed.log')}
2026-02-02 22:15:51,493 - watchfiles.main - DEBUG - 1 change detected: {(<Change.modified: 2>, 'D:\\Personal\\Rise Daily\\Backend\\logs\\risedaily_detailed.log')}
2026-02-02 22:15:51,896 - watchfiles.main - DEBUG - 1 change detected: {(<Change.modified: 2>, 'D:\\Personal\\Rise Daily\\Backend\\logs\\risedaily_detailed.log')}
2026-02-02 22:15:52,300 - watchfiles.main - DEBUG - 1 change detected: {(<Change.modified: 2>, 'D:\\Personal\\Rise Daily\\Backend\\logs\\risedaily_detailed.log')}
2026-02-02 22:15:52,706 - watchfiles.main - DEBUG - 1 change detected: {(<Change.modified: 2>, 'D:\\Personal\\Rise Daily\\Backend\\logs\\risedaily_detailed.log')}
2026-02-02 22:15:53,109 - watchfiles.main - DEBUG - 1 change detected: {(<Change.modified: 2>, 'D:\\Personal\\Rise Daily\\Backend\\logs\\risedaily_detailed.log')}
2026-02-02 22:15:53,512 - watchfiles.main - DEBUG - 1 change detected: {(<Change.modified: 2>, 'D:\\Personal\\Rise Daily\\Backend\\logs\\risedaily_detailed.log')}
2026-02-02 22:15:53,915 - watchfiles.main - DEBUG - 1 change detected: {(<Change.modified: 2>, 'D:\\Personal\\Rise Daily\\Backend\\logs\\risedaily_detailed.log')}
2026-02-02 22:15:54,320 - watchfiles.main - DEBUG - 1 change detected: {(<Change.modified: 2>, 'D:\\Personal\\Rise Daily\\Backend\\logs\\risedaily_detailed.log')}
2026-02-02 22:15:54,722 - watchfiles.main - DEBUG - 1 change detected: {(<Change.modified: 2>, 'D:\\Personal\\Rise Daily\\Backend\\logs\\risedaily_detailed.log')}
2026-02-02 22:15:55,128 - watchfiles.main - DEBUG - 1 change detected: {(<Change.modified: 2>, 'D:\\Personal\\Rise Daily\\Backend\\logs\\risedaily_detailed.log')}
2026-02-02 22:15:55,484 - watchfiles.main - DEBUG - 1 change detected: {(<Change.modified: 2>, 'D:\\Personal\\Rise Daily\\Backend\\logs\\risedaily_detailed.log')}
2026-02-02 22:15:55,893 - watchfiles.main - DEBUG - 1 change detected: {(<Change.modified: 2>, 'D:\\Personal\\Rise Daily\\Backend\\logs\\risedaily_detailed.log')}
2026-02-02 22:15:56,296 - watchfiles.main - DEBUG - 1 change detected: {(<Change.modified: 2>, 'D:\\Personal\\Rise Daily\\Backend\\logs\\risedaily_detailed.log')}
2026-02-02 22:15:56,705 - watchfiles.main - DEBUG - 1 change detected: {(<Change.modified: 2>, 'D:\\Personal\\Rise Daily\\Backend\\logs\\risedaily_detailed.log')}
2026-02-02 22:15:57,119 - watchfiles.main - DEBUG - 1 change detected: {(<Change.modified: 2>, 'D:\\Personal\\Rise Daily\\Backend\\logs\\risedaily_detailed.log')}
2026-02-02 22:15:57,473 - watchfiles.main - DEBUG - 1 change detected: {(<Change.modified: 2>, 'D:\\Personal\\Rise Daily\\Backend\\logs\\risedaily_detailed.log')}
2026-02-02 22:15:57,880 - watchfiles.main - DEBUG - 1 change detected: {(<Change.modified: 2>, 'D:\\Personal\\Rise Daily\\Backend\\logs\\risedaily_detailed.log')}
2026-02-02 22:15:58,283 - watchfiles.main - DEBUG - 1 change detected: {(<Change.modified: 2>, 'D:\\Personal\\Rise Daily\\Backend\\logs\\risedaily_detailed.log')}
2026-02-02 22:15:58,689 - watchfiles.main - DEBUG - 1 change detected: {(<Change.modified: 2>, 'D:\\Personal\\Rise Daily\\Backend\\logs\\risedaily_detailed.log')}
2026-02-02 22:15:59,093 - watchfiles.main - DEBUG - 1 change detected: {(<Change.modified: 2>, 'D:\\Personal\\Rise Daily\\Backend\\logs\\risedaily_detailed.log')}
2026-02-02 22:15:59,496 - watchfiles.main - DEBUG - 1 change detected: {(<Change.modified: 2>, 'D:\\Personal\\Rise Daily\\Backend\\logs\\risedaily_detailed.log')}
2026-02-02 22:15:59,901 - watchfiles.main - DEBUG - 1 change detected: {(<Change.modified: 2>, 'D:\\Personal\\Rise Daily\\Backend\\logs\\risedaily_detailed.log')}
2026-02-02 22:16:00,304 - watchfiles.main - DEBUG - 1 change detected: {(<Change.modified: 2>, 'D:\\Personal\\Rise Daily\\Backend\\logs\\risedaily_detailed.log')}
2026-02-02 22:16:00,708 - watchfiles.main - DEBUG - 1 change detected: {(<Change.modified: 2>, 'D:\\Personal\\Rise Daily\\Backend\\logs\\risedaily_detailed.log')}
2026-02-02 22:16:01,114 - watchfiles.main - DEBUG - 1 change detected: {(<Change.modified: 2>, 'D:\\Personal\\Rise Daily\\Backend\\logs\\risedaily_detailed.log')}
2026-02-02 22:16:01,517 - watchfiles.main - DEBUG - 1 change detected: {(<Change.modified: 2>, 'D:\\Personal\\Rise Daily\\Backend\\logs\\risedaily_detailed.log')}
2026-02-02 22:16:01,922 - watchfiles.main - DEBUG - 1 change detected: {(<Change.modified: 2>, 'D:\\Personal\\Rise Daily\\Backend\\logs\\risedaily_detailed.log')}
2026-02-02 22:16:02,336 - watchfiles.main - DEBUG - 1 change detected: {(<Change.modified: 2>, 'D:\\Personal\\Rise Daily\\Backend\\logs\\risedaily_detailed.log')}
2026-02-02 22:16:02,743 - watchfiles.main - DEBUG - 1 change detected: {(<Change.modified: 2>, 'D:\\Personal\\Rise Daily\\Backend\\logs\\risedaily_detailed.log')}
2026-02-02 22:16:03,151 - watchfiles.main - DEBUG - 1 change detected: {(<Change.modified: 2>, 'D:\\Personal\\Rise Daily\\Backend\\logs\\risedaily_detailed.log')}
2026-02-02 22:16:03,556 - watchfiles.main - DEBUG - 1 change detected: {(<Change.modified: 2>, 'D:\\Personal\\Rise Daily\\Backend\\logs\\risedaily_detailed.log')}
2026-02-02 22:16:03,959 - watchfiles.main - DEBUG - 1 change detected: {(<Change.modified: 2>, 'D:\\Personal\\Rise Daily\\Backend\\logs\\risedaily_detailed.log')}
2026-02-02 22:16:04,364 - watchfiles.main - DEBUG - 1 change detected: {(<Change.modified: 2>, 'D:\\Personal\\Rise Daily\\Backend\\logs\\risedaily_detailed.log')}
2026-02-02 22:16:04,722 - watchfiles.main - DEBUG - 1 change detected: {(<Change.modified: 2>, 'D:\\Personal\\Rise Daily\\Backend\\logs\\risedaily_detailed.log')}
2026-02-02 22:16:05,130 - watchfiles.main - DEBUG - 1 change detected: {(<Change.modified: 2>, 'D:\\Personal\\Rise Daily\\Backend\\logs\\risedaily_detailed.log')}
2026-02-02 22:16:05,534 - watchfiles.main - DEBUG - 1 change detected: {(<Change.modified: 2>, 'D:\\Personal\\Rise Daily\\Backend\\logs\\risedaily_detailed.log')}
2026-02-02 22:16:05,938 - watchfiles.main - DEBUG - 1 change detected: {(<Change.modified: 2>, 'D:\\Personal\\Rise Daily\\Backend\\logs\\risedaily_detailed.log')}
2026-02-02 22:16:06,342 - watchfiles.main - DEBUG - 1 change detected: {(<Change.modified: 2>, 'D:\\Personal\\Rise Daily\\Backend\\logs\\risedaily_detailed.log')}
2026-02-02 22:16:06,746 - watchfiles.main - DEBUG - 1 change detected: {(<Change.modified: 2>, 'D:\\Personal\\Rise Daily\\Backend\\logs\\risedaily_detailed.log')}
2026-02-02 22:16:07,152 - watchfiles.main - DEBUG - 1 change detected: {(<Change.modified: 2>, 'D:\\Personal\\Rise Daily\\Backend\\logs\\risedaily_detailed.log')}
2026-02-02 22:16:07,606 - watchfiles.main - DEBUG - 1 change detected: {(<Change.modified: 2>, 'D:\\Personal\\Rise Daily\\Backend\\logs\\risedaily_detailed.log')}
2026-02-02 22:16:08,009 - watchfiles.main - DEBUG - 2 changes detected: {(<Change.modified: 2>, 'D:\\Personal\\Rise Daily\\Backend\\logs\\risedaily_detailed.log'), (<Change.modified: 2>, 'D:\\Personal\\Rise Daily\\Backend\\.env')}
2026-02-02 22:16:08,414 - watchfiles.main - DEBUG - 1 change detected: {(<Change.modified: 2>, 'D:\\Personal\\Rise Daily\\Backend\\logs\\risedaily_detailed.log')}
2026-02-02 22:16:08,766 - watchfiles.main - DEBUG - 1 change detected: {(<Change.modified: 2>, 'D:\\Personal\\Rise Daily\\Backend\\logs\\risedaily_detailed.log')}
2026-02-02 22:16:09,176 - watchfiles.main - DEBUG - 1 change detected: {(<Change.modified: 2>, 'D:\\Personal\\Rise Daily\\Backend\\logs\\risedaily_detailed.log')}
2026-02-02 22:16:09,580 - watchfiles.main - DEBUG - 1 change detected: {(<Change.modified: 2>, 'D:\\Personal\\Rise Daily\\Backend\\logs\\risedaily_detailed.log')}
2026-02-02 22:16:09,985 - watchfiles.main - DEBUG - 1 change detected: {(<Change.modified: 2>, 'D:\\Personal\\Rise Daily\\Backend\\logs\\risedaily_detailed.log')}
2026-02-02 22:16:10,387 - watchfiles.main - DEBUG - 1 change detected: {(<Change.modified: 2>, 'D:\\Personal\\Rise Daily\\Backend\\logs\\risedaily_detailed.log')}
2026-02-02 22:16:10,794 - watchfiles.main - DEBUG - 1 change detected: {(<Change.modified: 2>, 'D:\\Personal\\Rise Daily\\Backend\\logs\\risedaily_detailed.log')}
2026-02-02 22:16:11,200 - watchfiles.main - DEBUG - 1 change detected: {(<Change.modified: 2>, 'D:\\Personal\\Rise Daily\\Backend\\logs\\risedaily_detailed.log')}
